This file contains any messages produced by compilers while
running configure, to aid debugging if configure makes a mistake.

It was created by Hydra configure 0, which was
generated by GNU Autoconf 2.69.  Invocation command line was

  $ ./configure --disable-option-checking --prefix=/opt/hpctools --enable-transport-ib --enable-zeromrs --enable-me-triggered --cache-file=/dev/null --srcdir=.

## --------- ##
## Platform. ##
## --------- ##

hostname = senna
uname -m = x86_64
uname -r = 3.16.0-30-generic
uname -s = Linux
uname -v = #40~14.04.1-Ubuntu SMP Thu Jan 15 17:43:14 UTC 2015

/usr/bin/uname -p = unknown
/bin/uname -X     = unknown

/bin/arch              = unknown
/usr/bin/arch -k       = unknown
/usr/convex/getsysinfo = unknown
/usr/bin/hostinfo      = unknown
/bin/machine           = unknown
/usr/bin/oslevel       = unknown
/bin/universe          = unknown

PATH: /home/brian/bin
PATH: /opt/hpctools/bin
PATH: /opt/mvapich2/mvapich2-2.2rc1_gcc/bin
PATH: /usr/local/cuda-7.5/bin
PATH: /usr/local/sbin
PATH: /usr/local/bin
PATH: /usr/sbin
PATH: /usr/bin
PATH: /sbin
PATH: /bin
PATH: /usr/games
PATH: /usr/local/games


## ----------- ##
## Core tests. ##
## ----------- ##

configure:2692: checking for a BSD-compatible install
configure:2760: result: /usr/bin/install -c
configure:2771: checking whether build environment is sane
configure:2826: result: yes
configure:2977: checking for a thread-safe mkdir -p
configure:3016: result: /bin/mkdir -p
configure:3023: checking for gawk
configure:3039: found /usr/bin/gawk
configure:3050: result: gawk
configure:3061: checking whether make sets $(MAKE)
configure:3083: result: yes
configure:3112: checking whether make supports nested variables
configure:3129: result: yes
configure:3270: checking whether make supports nested variables
configure:3287: result: yes
configure:3319: checking for style of include used by make
configure:3347: result: GNU
configure:3432: checking for gcc
configure:3448: found /usr/bin/gcc
configure:3459: result: gcc
configure:3490: checking for C compiler version
configure:3499: gcc --version >&5
gcc (Ubuntu 4.8.4-2ubuntu1~14.04.1) 4.8.4
Copyright (C) 2013 Free Software Foundation, Inc.
This is free software; see the source for copying conditions.  There is NO
warranty; not even for MERCHANTABILITY or FITNESS FOR A PARTICULAR PURPOSE.

configure:3510: $? = 0
configure:3499: gcc -v >&5
Using built-in specs.
COLLECT_GCC=gcc
COLLECT_LTO_WRAPPER=/usr/lib/gcc/x86_64-linux-gnu/4.8/lto-wrapper
Target: x86_64-linux-gnu
Configured with: ../src/configure -v --with-pkgversion='Ubuntu 4.8.4-2ubuntu1~14.04.1' --with-bugurl=file:///usr/share/doc/gcc-4.8/README.Bugs --enable-languages=c,c++,java,go,d,fortran,objc,obj-c++ --prefix=/usr --program-suffix=-4.8 --enable-shared --enable-linker-build-id --libexecdir=/usr/lib --without-included-gettext --enable-threads=posix --with-gxx-include-dir=/usr/include/c++/4.8 --libdir=/usr/lib --enable-nls --with-sysroot=/ --enable-clocale=gnu --enable-libstdcxx-debug --enable-libstdcxx-time=yes --enable-gnu-unique-object --disable-libmudflap --enable-plugin --with-system-zlib --disable-browser-plugin --enable-java-awt=gtk --enable-gtk-cairo --with-java-home=/usr/lib/jvm/java-1.5.0-gcj-4.8-amd64/jre --enable-java-home --with-jvm-root-dir=/usr/lib/jvm/java-1.5.0-gcj-4.8-amd64 --with-jvm-jar-dir=/usr/lib/jvm-exports/java-1.5.0-gcj-4.8-amd64 --with-arch-directory=amd64 --with-ecj-jar=/usr/share/java/eclipse-ecj.jar --enable-objc-gc --enable-multiarch --disable-werror --with-arch-32=i686 --with-abi=m64 --with-multilib-list=m32,m64,mx32 --with-tune=generic --enable-checking=release --build=x86_64-linux-gnu --host=x86_64-linux-gnu --target=x86_64-linux-gnu
Thread model: posix
gcc version 4.8.4 (Ubuntu 4.8.4-2ubuntu1~14.04.1) 
configure:3510: $? = 0
configure:3499: gcc -V >&5
gcc: error: unrecognized command line option '-V'
gcc: fatal error: no input files
compilation terminated.
configure:3510: $? = 4
configure:3499: gcc -qversion >&5
gcc: error: unrecognized command line option '-qversion'
gcc: fatal error: no input files
compilation terminated.
configure:3510: $? = 4
configure:3530: checking whether the C compiler works
configure:3552: gcc    conftest.c  >&5
configure:3556: $? = 0
configure:3604: result: yes
configure:3607: checking for C compiler default output file name
configure:3609: result: a.out
configure:3615: checking for suffix of executables
configure:3622: gcc -o conftest    conftest.c  >&5
configure:3626: $? = 0
configure:3648: result: 
configure:3670: checking whether we are cross compiling
configure:3678: gcc -o conftest    conftest.c  >&5
configure:3682: $? = 0
configure:3689: ./conftest
configure:3693: $? = 0
configure:3708: result: no
configure:3713: checking for suffix of object files
configure:3735: gcc -c   conftest.c >&5
configure:3739: $? = 0
configure:3760: result: o
configure:3764: checking whether we are using the GNU C compiler
configure:3783: gcc -c   conftest.c >&5
configure:3783: $? = 0
configure:3792: result: yes
configure:3801: checking whether gcc accepts -g
configure:3821: gcc -c -g  conftest.c >&5
configure:3821: $? = 0
configure:3862: result: yes
configure:3879: checking for gcc option to accept ISO C89
configure:3942: gcc  -c -g -O2  conftest.c >&5
configure:3942: $? = 0
configure:3955: result: none needed
configure:3980: checking whether gcc understands -c and -o together
configure:4002: gcc -c conftest.c -o conftest2.o
configure:4005: $? = 0
configure:4002: gcc -c conftest.c -o conftest2.o
configure:4005: $? = 0
configure:4017: result: yes
configure:4036: checking dependency style of gcc
configure:4147: result: gcc3
configure:4218: checking for ar
configure:4234: found /usr/bin/ar
configure:4245: result: ar
configure:4271: checking the archiver (ar) interface
configure:4287: gcc -c   conftest.c >&5
configure:4287: $? = 0
configure:4289: ar cru libconftest.a conftest.o >&5
configure:4292: $? = 0
configure:4320: result: ar
configure:4341: checking for grep that handles long lines and -e
configure:4399: result: /bin/grep
configure:4404: checking for fgrep
configure:4466: result: /bin/grep -F
configure:5245: checking for an ANSI C-conforming const
configure:5311: gcc -c    conftest.c >&5
configure:5311: $? = 0
configure:5318: result: yes
configure:5326: checking for working volatile
configure:5345: gcc -c    conftest.c >&5
configure:5345: $? = 0
configure:5352: result: yes
configure:5360: checking for C/C++ restrict keyword
configure:5385: gcc -c    conftest.c >&5
configure:5385: $? = 0
configure:5393: result: __restrict
configure:5406: checking for inline
configure:5422: gcc -c    conftest.c >&5
configure:5422: $? = 0
configure:5430: result: inline
configure:5454: checking how to run the C preprocessor
configure:5485: gcc -E  conftest.c
configure:5485: $? = 0
configure:5499: gcc -E  conftest.c
conftest.c:12:28: fatal error: ac_nonexistent.h: No such file or directory
 #include <ac_nonexistent.h>
                            ^
compilation terminated.
configure:5499: $? = 1
configure: failed program was:
| /* confdefs.h */
| #define PACKAGE_NAME "Hydra"
| #define PACKAGE_TARNAME "hydra"
| #define PACKAGE_VERSION "0"
| #define PACKAGE_STRING "Hydra 0"
| #define PACKAGE_BUGREPORT ""
| #define PACKAGE_URL ""
| #define PACKAGE "hydra"
| #define VERSION "0"
| #define restrict __restrict
| /* end confdefs.h.  */
| #include <ac_nonexistent.h>
configure:5524: result: gcc -E
configure:5544: gcc -E  conftest.c
configure:5544: $? = 0
configure:5558: gcc -E  conftest.c
conftest.c:12:28: fatal error: ac_nonexistent.h: No such file or directory
 #include <ac_nonexistent.h>
                            ^
compilation terminated.
configure:5558: $? = 1
configure: failed program was:
| /* confdefs.h */
| #define PACKAGE_NAME "Hydra"
| #define PACKAGE_TARNAME "hydra"
| #define PACKAGE_VERSION "0"
| #define PACKAGE_STRING "Hydra 0"
| #define PACKAGE_BUGREPORT ""
| #define PACKAGE_URL ""
| #define PACKAGE "hydra"
| #define VERSION "0"
| #define restrict __restrict
| /* end confdefs.h.  */
| #include <ac_nonexistent.h>
configure:5587: checking for egrep
configure:5649: result: /bin/grep -E
configure:5654: checking for ANSI C header files
configure:5674: gcc -c    conftest.c >&5
configure:5674: $? = 0
configure:5747: gcc -o conftest     conftest.c  >&5
configure:5747: $? = 0
configure:5747: ./conftest
configure:5747: $? = 0
configure:5758: result: yes
configure:5771: checking for sys/types.h
configure:5771: gcc -c    conftest.c >&5
configure:5771: $? = 0
configure:5771: result: yes
configure:5771: checking for sys/stat.h
configure:5771: gcc -c    conftest.c >&5
configure:5771: $? = 0
configure:5771: result: yes
configure:5771: checking for stdlib.h
configure:5771: gcc -c    conftest.c >&5
configure:5771: $? = 0
configure:5771: result: yes
configure:5771: checking for string.h
configure:5771: gcc -c    conftest.c >&5
configure:5771: $? = 0
configure:5771: result: yes
configure:5771: checking for memory.h
configure:5771: gcc -c    conftest.c >&5
configure:5771: $? = 0
configure:5771: result: yes
configure:5771: checking for strings.h
configure:5771: gcc -c    conftest.c >&5
configure:5771: $? = 0
configure:5771: result: yes
configure:5771: checking for inttypes.h
configure:5771: gcc -c    conftest.c >&5
configure:5771: $? = 0
configure:5771: result: yes
configure:5771: checking for stdint.h
configure:5771: gcc -c    conftest.c >&5
configure:5771: $? = 0
configure:5771: result: yes
configure:5771: checking for unistd.h
configure:5771: gcc -c    conftest.c >&5
configure:5771: $? = 0
configure:5771: result: yes
configure:5787: checking size of unsigned long
configure:5792: gcc -o conftest     conftest.c  >&5
configure:5792: $? = 0
configure:5792: ./conftest
configure:5792: $? = 0
configure:5806: result: 8
configure:5870: checking for size_t
configure:5870: gcc -c    conftest.c >&5
configure:5870: $? = 0
configure:5870: gcc -c    conftest.c >&5
conftest.c: In function 'main':
conftest.c:59:21: error: expected expression before ')' token
 if (sizeof ((size_t)))
                     ^
configure:5870: $? = 1
configure: failed program was:
| /* confdefs.h */
| #define PACKAGE_NAME "Hydra"
| #define PACKAGE_TARNAME "hydra"
| #define PACKAGE_VERSION "0"
| #define PACKAGE_STRING "Hydra 0"
| #define PACKAGE_BUGREPORT ""
| #define PACKAGE_URL ""
| #define PACKAGE "hydra"
| #define VERSION "0"
| #define restrict __restrict
| #define STDC_HEADERS 1
| #define HAVE_SYS_TYPES_H 1
| #define HAVE_SYS_STAT_H 1
| #define HAVE_STDLIB_H 1
| #define HAVE_STRING_H 1
| #define HAVE_MEMORY_H 1
| #define HAVE_STRINGS_H 1
| #define HAVE_INTTYPES_H 1
| #define HAVE_STDINT_H 1
| #define HAVE_UNISTD_H 1
| #define SIZEOF_UNSIGNED_LONG 8
| /* end confdefs.h.  */
| #include <stdio.h>
| #ifdef HAVE_SYS_TYPES_H
| # include <sys/types.h>
| #endif
| #ifdef HAVE_SYS_STAT_H
| # include <sys/stat.h>
| #endif
| #ifdef STDC_HEADERS
| # include <stdlib.h>
| # include <stddef.h>
| #else
| # ifdef HAVE_STDLIB_H
| #  include <stdlib.h>
| # endif
| #endif
| #ifdef HAVE_STRING_H
| # if !defined STDC_HEADERS && defined HAVE_MEMORY_H
| #  include <memory.h>
| # endif
| # include <string.h>
| #endif
| #ifdef HAVE_STRINGS_H
| # include <strings.h>
| #endif
| #ifdef HAVE_INTTYPES_H
| # include <inttypes.h>
| #endif
| #ifdef HAVE_STDINT_H
| # include <stdint.h>
| #endif
| #ifdef HAVE_UNISTD_H
| # include <unistd.h>
| #endif
| int
| main ()
| {
| if (sizeof ((size_t)))
| 	    return 0;
|   ;
|   return 0;
| }
configure:5870: result: yes
configure:5949: checking build system type
configure:5963: result: x86_64-unknown-linux-gnu
configure:5983: checking host system type
configure:5996: result: x86_64-unknown-linux-gnu
configure:6037: checking how to print strings
configure:6064: result: printf
configure:6085: checking for a sed that does not truncate output
configure:6149: result: /bin/sed
configure:6197: checking for ld used by gcc
configure:6264: result: /usr/bin/ld
configure:6271: checking if the linker (/usr/bin/ld) is GNU ld
configure:6286: result: yes
configure:6298: checking for BSD- or MS-compatible name lister (nm)
configure:6347: result: /usr/bin/nm -B
configure:6477: checking the name lister (/usr/bin/nm -B) interface
configure:6484: gcc -c    conftest.c >&5
configure:6487: /usr/bin/nm -B "conftest.o"
configure:6490: output
0000000000000000 B some_variable
configure:6497: result: BSD nm
configure:6500: checking whether ln -s works
configure:6504: result: yes
configure:6512: checking the maximum length of command line arguments
configure:6643: result: 1572864
configure:6660: checking whether the shell understands some XSI constructs
configure:6670: result: yes
configure:6674: checking whether the shell understands "+="
configure:6680: result: yes
configure:6715: checking how to convert x86_64-unknown-linux-gnu file names to x86_64-unknown-linux-gnu format
configure:6755: result: func_convert_file_noop
configure:6762: checking how to convert x86_64-unknown-linux-gnu file names to toolchain format
configure:6782: result: func_convert_file_noop
configure:6789: checking for /usr/bin/ld option to reload object files
configure:6796: result: -r
configure:6870: checking for objdump
configure:6886: found /usr/bin/objdump
configure:6897: result: objdump
configure:6929: checking how to recognize dependent libraries
configure:7127: result: pass_all
configure:7212: checking for dlltool
configure:7242: result: no
configure:7272: checking how to associate runtime and link libraries
configure:7299: result: printf %s\n
configure:7423: checking for archiver @FILE support
configure:7440: gcc -c    conftest.c >&5
configure:7440: $? = 0
configure:7443: ar cru libconftest.a @conftest.lst >&5
configure:7446: $? = 0
configure:7451: ar cru libconftest.a @conftest.lst >&5
ar: conftest.o: No such file or directory
configure:7454: $? = 1
configure:7466: result: @
configure:7524: checking for strip
configure:7540: found /usr/bin/strip
configure:7551: result: strip
configure:7623: checking for ranlib
configure:7639: found /usr/bin/ranlib
configure:7650: result: ranlib
configure:7752: checking command to parse /usr/bin/nm -B output from gcc object
configure:7872: gcc -c    conftest.c >&5
configure:7875: $? = 0
configure:7879: /usr/bin/nm -B conftest.o \| sed -n -e 's/^.*[ ]\([ABCDGIRSTW][ABCDGIRSTW]*\)[ ][ ]*\([_A-Za-z][_A-Za-z0-9]*\)$/\1 \2 \2/p' | sed '/ __gnu_lto/d' \> conftest.nm
configure:7882: $? = 0
configure:7948: gcc -o conftest     conftest.c conftstm.o >&5
configure:7951: $? = 0
configure:7989: result: ok
configure:8026: checking for sysroot
configure:8056: result: no
configure:8133: gcc -c    conftest.c >&5
configure:8136: $? = 0
configure:8325: checking for mt
configure:8341: found /bin/mt
configure:8352: result: mt
configure:8375: checking if mt is a manifest tool
configure:8381: mt '-?'
configure:8389: result: no
configure:9028: checking for dlfcn.h
configure:9028: gcc -c    conftest.c >&5
configure:9028: $? = 0
configure:9028: result: yes
configure:9234: checking for objdir
configure:9249: result: .libs
configure:9520: checking if gcc supports -fno-rtti -fno-exceptions
configure:9538: gcc -c    -fno-rtti -fno-exceptions conftest.c >&5
cc1: warning: command line option '-fno-rtti' is valid for C++/ObjC++ but not for C [enabled by default]
configure:9542: $? = 0
configure:9555: result: no
configure:9882: checking for gcc option to produce PIC
configure:9889: result: -fPIC -DPIC
configure:9897: checking if gcc PIC flag -fPIC -DPIC works
configure:9915: gcc -c    -fPIC -DPIC -DPIC conftest.c >&5
configure:9919: $? = 0
configure:9932: result: yes
configure:9961: checking if gcc static flag -static works
configure:9989: result: yes
configure:10004: checking if gcc supports -c -o file.o
configure:10025: gcc -c    -o out/conftest2.o conftest.c >&5
configure:10029: $? = 0
configure:10051: result: yes
configure:10059: checking if gcc supports -c -o file.o
configure:10106: result: yes
configure:10139: checking whether the gcc linker (/usr/bin/ld -m elf_x86_64) supports shared libraries
configure:11296: result: yes
configure:11333: checking whether -lc should be explicitly linked in
configure:11341: gcc -c    conftest.c >&5
configure:11344: $? = 0
configure:11359: gcc -shared  -fPIC -DPIC conftest.o  -v -Wl,-soname -Wl,conftest -o conftest 2\>\&1 \| /bin/grep  -lc  \>/dev/null 2\>\&1
configure:11362: $? = 0
configure:11376: result: no
configure:11536: checking dynamic linker characteristics
configure:12036: gcc -o conftest     -Wl,-rpath -Wl,/foo conftest.c  >&5
configure:12036: $? = 0
configure:12270: result: GNU/Linux ld.so
configure:12377: checking how to hardcode library paths into programs
configure:12402: result: immediate
configure:12942: checking whether stripping libraries is possible
configure:12947: result: yes
configure:12982: checking if libtool supports shared libraries
configure:12984: result: yes
configure:12987: checking whether to build shared libraries
configure:13008: result: yes
configure:13011: checking whether to build static libraries
configure:13015: result: yes
configure:13065: checking for variable argument list macro functionality
configure:13081: gcc -o conftest     conftest.c  >&5
configure:13081: $? = 0
configure:13085: result: yes
configure:13098: checking whether __attribute__ allowed
configure:13115: gcc -c    conftest.c >&5
configure:13115: $? = 0
configure:13122: result: yes
configure:13124: checking whether __attribute__((format)) allowed
configure:13141: gcc -c    conftest.c >&5
configure:13141: $? = 0
configure:13148: result: yes
configure:13158: checking whether the compiler defines __func__
configure:13185: gcc -o conftest     conftest.c  >&5
configure:13185: $? = 0
configure:13185: ./conftest
configure:13185: $? = 0
configure:13222: result: yes
configure:13231: checking whether the compiler defines __FUNC__
configure:13258: gcc -o conftest     conftest.c  >&5
conftest.c: In function 'foo':
conftest.c:34:20: error: '__FUNC__' undeclared (first use in this function)
     return (strcmp(__FUNC__, "foo") == 0);
                    ^
conftest.c:34:20: note: each undeclared identifier is reported only once for each function it appears in
configure:13258: $? = 1
configure: program exited with status 1
configure: failed program was:
| /* confdefs.h */
| #define PACKAGE_NAME "Hydra"
| #define PACKAGE_TARNAME "hydra"
| #define PACKAGE_VERSION "0"
| #define PACKAGE_STRING "Hydra 0"
| #define PACKAGE_BUGREPORT ""
| #define PACKAGE_URL ""
| #define PACKAGE "hydra"
| #define VERSION "0"
| #define restrict __restrict
| #define STDC_HEADERS 1
| #define HAVE_SYS_TYPES_H 1
| #define HAVE_SYS_STAT_H 1
| #define HAVE_STDLIB_H 1
| #define HAVE_STRING_H 1
| #define HAVE_MEMORY_H 1
| #define HAVE_STRINGS_H 1
| #define HAVE_INTTYPES_H 1
| #define HAVE_STDINT_H 1
| #define HAVE_UNISTD_H 1
| #define SIZEOF_UNSIGNED_LONG 8
| #define HAVE_DLFCN_H 1
| #define LT_OBJDIR ".libs/"
| #define HAVE_MACRO_VA_ARGS 1
| #define HAVE_GCC_ATTRIBUTE 1
| #define HAVE__FUNC__ /**/
| /* end confdefs.h.  */
| 
| 
| #include <string.h>
| int foo(void);
| int foo(void)
| {
|     return (strcmp(__FUNC__, "foo") == 0);
| }
| int main(int argc, char ** argv)
| {
|     return (foo() ? 0 : 1);
| }
| 
| 
configure:13295: result: no
configure:13304: checking whether the compiler sets __FUNCTION__
configure:13331: gcc -o conftest     conftest.c  >&5
configure:13331: $? = 0
configure:13331: ./conftest
configure:13331: $? = 0
configure:13368: result: yes
configure:13595: checking for doxygen
configure:13628: result: no
configure:13643: checking for unistd.h
configure:13643: result: yes
configure:13643: checking for stdlib.h
configure:13643: result: yes
configure:13643: checking for string.h
configure:13643: result: yes
configure:13643: checking for strings.h
configure:13643: result: yes
configure:13643: checking stdarg.h usability
configure:13643: gcc -c    conftest.c >&5
configure:13643: $? = 0
configure:13643: result: yes
configure:13643: checking stdarg.h presence
configure:13643: gcc -E  conftest.c
configure:13643: $? = 0
configure:13643: result: yes
configure:13643: checking for stdarg.h
configure:13643: result: yes
configure:13643: checking for sys/types.h
configure:13643: result: yes
configure:13643: checking sys/socket.h usability
configure:13643: gcc -c    conftest.c >&5
configure:13643: $? = 0
configure:13643: result: yes
configure:13643: checking sys/socket.h presence
configure:13643: gcc -E  conftest.c
configure:13643: $? = 0
configure:13643: result: yes
configure:13643: checking for sys/socket.h
configure:13643: result: yes
configure:13643: checking sched.h usability
configure:13643: gcc -c    conftest.c >&5
configure:13643: $? = 0
configure:13643: result: yes
configure:13643: checking sched.h presence
configure:13643: gcc -E  conftest.c
configure:13643: $? = 0
configure:13643: result: yes
configure:13643: checking for sched.h
configure:13643: result: yes
configure:13643: checking for sys/stat.h
configure:13643: result: yes
configure:13643: checking sys/param.h usability
configure:13643: gcc -c    conftest.c >&5
configure:13643: $? = 0
configure:13643: result: yes
configure:13643: checking sys/param.h presence
configure:13643: gcc -E  conftest.c
configure:13643: $? = 0
configure:13643: result: yes
configure:13643: checking for sys/param.h
configure:13643: result: yes
configure:13643: checking netinet/in.h usability
configure:13643: gcc -c    conftest.c >&5
configure:13643: $? = 0
configure:13643: result: yes
configure:13643: checking netinet/in.h presence
configure:13643: gcc -E  conftest.c
configure:13643: $? = 0
configure:13643: result: yes
configure:13643: checking for netinet/in.h
configure:13643: result: yes
configure:13643: checking netinet/tcp.h usability
configure:13643: gcc -c    conftest.c >&5
configure:13643: $? = 0
configure:13643: result: yes
configure:13643: checking netinet/tcp.h presence
configure:13643: gcc -E  conftest.c
configure:13643: $? = 0
configure:13643: result: yes
configure:13643: checking for netinet/tcp.h
configure:13643: result: yes
configure:13643: checking sys/un.h usability
configure:13643: gcc -c    conftest.c >&5
configure:13643: $? = 0
configure:13643: result: yes
configure:13643: checking sys/un.h presence
configure:13643: gcc -E  conftest.c
configure:13643: $? = 0
configure:13643: result: yes
configure:13643: checking for sys/un.h
configure:13643: result: yes
configure:13643: checking netdb.h usability
configure:13643: gcc -c    conftest.c >&5
configure:13643: $? = 0
configure:13643: result: yes
configure:13643: checking netdb.h presence
configure:13643: gcc -E  conftest.c
configure:13643: $? = 0
configure:13643: result: yes
configure:13643: checking for netdb.h
configure:13643: result: yes
configure:13643: checking sys/time.h usability
configure:13643: gcc -c    conftest.c >&5
configure:13643: $? = 0
configure:13643: result: yes
configure:13643: checking sys/time.h presence
configure:13643: gcc -E  conftest.c
configure:13643: $? = 0
configure:13643: result: yes
configure:13643: checking for sys/time.h
configure:13643: result: yes
configure:13643: checking time.h usability
configure:13643: gcc -c    conftest.c >&5
configure:13643: $? = 0
configure:13643: result: yes
configure:13643: checking time.h presence
configure:13643: gcc -E  conftest.c
configure:13643: $? = 0
configure:13643: result: yes
configure:13643: checking for time.h
configure:13643: result: yes
configure:13643: checking ifaddrs.h usability
configure:13643: gcc -c    conftest.c >&5
configure:13643: $? = 0
configure:13643: result: yes
configure:13643: checking ifaddrs.h presence
configure:13643: gcc -E  conftest.c
configure:13643: $? = 0
configure:13643: result: yes
configure:13643: checking for ifaddrs.h
configure:13643: result: yes
configure:13643: checking arpa/inet.h usability
configure:13643: gcc -c    conftest.c >&5
configure:13643: $? = 0
configure:13643: result: yes
configure:13643: checking arpa/inet.h presence
configure:13643: gcc -E  conftest.c
configure:13643: $? = 0
configure:13643: result: yes
configure:13643: checking for arpa/inet.h
configure:13643: result: yes
configure:13643: checking errno.h usability
configure:13643: gcc -c    conftest.c >&5
configure:13643: $? = 0
configure:13643: result: yes
configure:13643: checking errno.h presence
configure:13643: gcc -E  conftest.c
configure:13643: $? = 0
configure:13643: result: yes
configure:13643: checking for errno.h
configure:13643: result: yes
configure:13643: checking poll.h usability
configure:13643: gcc -c    conftest.c >&5
configure:13643: $? = 0
configure:13643: result: yes
configure:13643: checking poll.h presence
configure:13643: gcc -E  conftest.c
configure:13643: $? = 0
configure:13643: result: yes
configure:13643: checking for poll.h
configure:13643: result: yes
configure:13643: checking fcntl.h usability
configure:13643: gcc -c    conftest.c >&5
configure:13643: $? = 0
configure:13643: result: yes
configure:13643: checking fcntl.h presence
configure:13643: gcc -E  conftest.c
configure:13643: $? = 0
configure:13643: result: yes
configure:13643: checking for fcntl.h
configure:13643: result: yes
configure:13643: checking for netdb.h
configure:13643: result: yes
configure:13643: checking winsock2.h usability
configure:13643: gcc -c    conftest.c >&5
conftest.c:91:22: fatal error: winsock2.h: No such file or directory
 #include <winsock2.h>
                      ^
compilation terminated.
configure:13643: $? = 1
configure: failed program was:
| /* confdefs.h */
| #define PACKAGE_NAME "Hydra"
| #define PACKAGE_TARNAME "hydra"
| #define PACKAGE_VERSION "0"
| #define PACKAGE_STRING "Hydra 0"
| #define PACKAGE_BUGREPORT ""
| #define PACKAGE_URL ""
| #define PACKAGE "hydra"
| #define VERSION "0"
| #define restrict __restrict
| #define STDC_HEADERS 1
| #define HAVE_SYS_TYPES_H 1
| #define HAVE_SYS_STAT_H 1
| #define HAVE_STDLIB_H 1
| #define HAVE_STRING_H 1
| #define HAVE_MEMORY_H 1
| #define HAVE_STRINGS_H 1
| #define HAVE_INTTYPES_H 1
| #define HAVE_STDINT_H 1
| #define HAVE_UNISTD_H 1
| #define SIZEOF_UNSIGNED_LONG 8
| #define HAVE_DLFCN_H 1
| #define LT_OBJDIR ".libs/"
| #define HAVE_MACRO_VA_ARGS 1
| #define HAVE_GCC_ATTRIBUTE 1
| #define HAVE__FUNC__ /**/
| #define HAVE__FUNCTION__ /**/
| #define HYDRA_VERSION "1.4.1p1"
| #define HYDRA_RELEASE_DATE "Thu Sep  1 13:53:02 CDT 2011"
| #define HYDRA_CC "gcc     "
| #define HYDRA_CXX ""
| #define HYDRA_F77 ""
| #define HYDRA_F90 ""
| #define HYDRA_CONFIGURE_ARGS_CLEAN "'--disable-option-checking' '--prefix=/opt/hpctools' '--enable-transport-ib' '--enable-zeromrs' '--enable-me-triggered' '--cache-file=/dev/null' '--srcdir=.'"
| #define HAVE_UNISTD_H 1
| #define HAVE_STDLIB_H 1
| #define HAVE_STRING_H 1
| #define HAVE_STRINGS_H 1
| #define HAVE_STDARG_H 1
| #define HAVE_SYS_TYPES_H 1
| #define HAVE_SYS_SOCKET_H 1
| #define HAVE_SCHED_H 1
| #define HAVE_SYS_STAT_H 1
| #define HAVE_SYS_PARAM_H 1
| #define HAVE_NETINET_IN_H 1
| #define HAVE_NETINET_TCP_H 1
| #define HAVE_SYS_UN_H 1
| #define HAVE_NETDB_H 1
| #define HAVE_SYS_TIME_H 1
| #define HAVE_TIME_H 1
| #define HAVE_IFADDRS_H 1
| #define HAVE_ARPA_INET_H 1
| #define HAVE_ERRNO_H 1
| #define HAVE_POLL_H 1
| #define HAVE_FCNTL_H 1
| #define HAVE_NETDB_H 1
| /* end confdefs.h.  */
| #include <stdio.h>
| #ifdef HAVE_SYS_TYPES_H
| # include <sys/types.h>
| #endif
| #ifdef HAVE_SYS_STAT_H
| # include <sys/stat.h>
| #endif
| #ifdef STDC_HEADERS
| # include <stdlib.h>
| # include <stddef.h>
| #else
| # ifdef HAVE_STDLIB_H
| #  include <stdlib.h>
| # endif
| #endif
| #ifdef HAVE_STRING_H
| # if !defined STDC_HEADERS && defined HAVE_MEMORY_H
| #  include <memory.h>
| # endif
| # include <string.h>
| #endif
| #ifdef HAVE_STRINGS_H
| # include <strings.h>
| #endif
| #ifdef HAVE_INTTYPES_H
| # include <inttypes.h>
| #endif
| #ifdef HAVE_STDINT_H
| # include <stdint.h>
| #endif
| #ifdef HAVE_UNISTD_H
| # include <unistd.h>
| #endif
| #include <winsock2.h>
configure:13643: result: no
configure:13643: checking winsock2.h presence
configure:13643: gcc -E  conftest.c
conftest.c:58:22: fatal error: winsock2.h: No such file or directory
 #include <winsock2.h>
                      ^
compilation terminated.
configure:13643: $? = 1
configure: failed program was:
| /* confdefs.h */
| #define PACKAGE_NAME "Hydra"
| #define PACKAGE_TARNAME "hydra"
| #define PACKAGE_VERSION "0"
| #define PACKAGE_STRING "Hydra 0"
| #define PACKAGE_BUGREPORT ""
| #define PACKAGE_URL ""
| #define PACKAGE "hydra"
| #define VERSION "0"
| #define restrict __restrict
| #define STDC_HEADERS 1
| #define HAVE_SYS_TYPES_H 1
| #define HAVE_SYS_STAT_H 1
| #define HAVE_STDLIB_H 1
| #define HAVE_STRING_H 1
| #define HAVE_MEMORY_H 1
| #define HAVE_STRINGS_H 1
| #define HAVE_INTTYPES_H 1
| #define HAVE_STDINT_H 1
| #define HAVE_UNISTD_H 1
| #define SIZEOF_UNSIGNED_LONG 8
| #define HAVE_DLFCN_H 1
| #define LT_OBJDIR ".libs/"
| #define HAVE_MACRO_VA_ARGS 1
| #define HAVE_GCC_ATTRIBUTE 1
| #define HAVE__FUNC__ /**/
| #define HAVE__FUNCTION__ /**/
| #define HYDRA_VERSION "1.4.1p1"
| #define HYDRA_RELEASE_DATE "Thu Sep  1 13:53:02 CDT 2011"
| #define HYDRA_CC "gcc     "
| #define HYDRA_CXX ""
| #define HYDRA_F77 ""
| #define HYDRA_F90 ""
| #define HYDRA_CONFIGURE_ARGS_CLEAN "'--disable-option-checking' '--prefix=/opt/hpctools' '--enable-transport-ib' '--enable-zeromrs' '--enable-me-triggered' '--cache-file=/dev/null' '--srcdir=.'"
| #define HAVE_UNISTD_H 1
| #define HAVE_STDLIB_H 1
| #define HAVE_STRING_H 1
| #define HAVE_STRINGS_H 1
| #define HAVE_STDARG_H 1
| #define HAVE_SYS_TYPES_H 1
| #define HAVE_SYS_SOCKET_H 1
| #define HAVE_SCHED_H 1
| #define HAVE_SYS_STAT_H 1
| #define HAVE_SYS_PARAM_H 1
| #define HAVE_NETINET_IN_H 1
| #define HAVE_NETINET_TCP_H 1
| #define HAVE_SYS_UN_H 1
| #define HAVE_NETDB_H 1
| #define HAVE_SYS_TIME_H 1
| #define HAVE_TIME_H 1
| #define HAVE_IFADDRS_H 1
| #define HAVE_ARPA_INET_H 1
| #define HAVE_ERRNO_H 1
| #define HAVE_POLL_H 1
| #define HAVE_FCNTL_H 1
| #define HAVE_NETDB_H 1
| /* end confdefs.h.  */
| #include <winsock2.h>
configure:13643: result: no
configure:13643: checking for winsock2.h
configure:13643: result: no
configure:13643: checking windows.h usability
configure:13643: gcc -c    conftest.c >&5
conftest.c:91:21: fatal error: windows.h: No such file or directory
 #include <windows.h>
                     ^
compilation terminated.
configure:13643: $? = 1
configure: failed program was:
| /* confdefs.h */
| #define PACKAGE_NAME "Hydra"
| #define PACKAGE_TARNAME "hydra"
| #define PACKAGE_VERSION "0"
| #define PACKAGE_STRING "Hydra 0"
| #define PACKAGE_BUGREPORT ""
| #define PACKAGE_URL ""
| #define PACKAGE "hydra"
| #define VERSION "0"
| #define restrict __restrict
| #define STDC_HEADERS 1
| #define HAVE_SYS_TYPES_H 1
| #define HAVE_SYS_STAT_H 1
| #define HAVE_STDLIB_H 1
| #define HAVE_STRING_H 1
| #define HAVE_MEMORY_H 1
| #define HAVE_STRINGS_H 1
| #define HAVE_INTTYPES_H 1
| #define HAVE_STDINT_H 1
| #define HAVE_UNISTD_H 1
| #define SIZEOF_UNSIGNED_LONG 8
| #define HAVE_DLFCN_H 1
| #define LT_OBJDIR ".libs/"
| #define HAVE_MACRO_VA_ARGS 1
| #define HAVE_GCC_ATTRIBUTE 1
| #define HAVE__FUNC__ /**/
| #define HAVE__FUNCTION__ /**/
| #define HYDRA_VERSION "1.4.1p1"
| #define HYDRA_RELEASE_DATE "Thu Sep  1 13:53:02 CDT 2011"
| #define HYDRA_CC "gcc     "
| #define HYDRA_CXX ""
| #define HYDRA_F77 ""
| #define HYDRA_F90 ""
| #define HYDRA_CONFIGURE_ARGS_CLEAN "'--disable-option-checking' '--prefix=/opt/hpctools' '--enable-transport-ib' '--enable-zeromrs' '--enable-me-triggered' '--cache-file=/dev/null' '--srcdir=.'"
| #define HAVE_UNISTD_H 1
| #define HAVE_STDLIB_H 1
| #define HAVE_STRING_H 1
| #define HAVE_STRINGS_H 1
| #define HAVE_STDARG_H 1
| #define HAVE_SYS_TYPES_H 1
| #define HAVE_SYS_SOCKET_H 1
| #define HAVE_SCHED_H 1
| #define HAVE_SYS_STAT_H 1
| #define HAVE_SYS_PARAM_H 1
| #define HAVE_NETINET_IN_H 1
| #define HAVE_NETINET_TCP_H 1
| #define HAVE_SYS_UN_H 1
| #define HAVE_NETDB_H 1
| #define HAVE_SYS_TIME_H 1
| #define HAVE_TIME_H 1
| #define HAVE_IFADDRS_H 1
| #define HAVE_ARPA_INET_H 1
| #define HAVE_ERRNO_H 1
| #define HAVE_POLL_H 1
| #define HAVE_FCNTL_H 1
| #define HAVE_NETDB_H 1
| /* end confdefs.h.  */
| #include <stdio.h>
| #ifdef HAVE_SYS_TYPES_H
| # include <sys/types.h>
| #endif
| #ifdef HAVE_SYS_STAT_H
| # include <sys/stat.h>
| #endif
| #ifdef STDC_HEADERS
| # include <stdlib.h>
| # include <stddef.h>
| #else
| # ifdef HAVE_STDLIB_H
| #  include <stdlib.h>
| # endif
| #endif
| #ifdef HAVE_STRING_H
| # if !defined STDC_HEADERS && defined HAVE_MEMORY_H
| #  include <memory.h>
| # endif
| # include <string.h>
| #endif
| #ifdef HAVE_STRINGS_H
| # include <strings.h>
| #endif
| #ifdef HAVE_INTTYPES_H
| # include <inttypes.h>
| #endif
| #ifdef HAVE_STDINT_H
| # include <stdint.h>
| #endif
| #ifdef HAVE_UNISTD_H
| # include <unistd.h>
| #endif
| #include <windows.h>
configure:13643: result: no
configure:13643: checking windows.h presence
configure:13643: gcc -E  conftest.c
conftest.c:58:21: fatal error: windows.h: No such file or directory
 #include <windows.h>
                     ^
compilation terminated.
configure:13643: $? = 1
configure: failed program was:
| /* confdefs.h */
| #define PACKAGE_NAME "Hydra"
| #define PACKAGE_TARNAME "hydra"
| #define PACKAGE_VERSION "0"
| #define PACKAGE_STRING "Hydra 0"
| #define PACKAGE_BUGREPORT ""
| #define PACKAGE_URL ""
| #define PACKAGE "hydra"
| #define VERSION "0"
| #define restrict __restrict
| #define STDC_HEADERS 1
| #define HAVE_SYS_TYPES_H 1
| #define HAVE_SYS_STAT_H 1
| #define HAVE_STDLIB_H 1
| #define HAVE_STRING_H 1
| #define HAVE_MEMORY_H 1
| #define HAVE_STRINGS_H 1
| #define HAVE_INTTYPES_H 1
| #define HAVE_STDINT_H 1
| #define HAVE_UNISTD_H 1
| #define SIZEOF_UNSIGNED_LONG 8
| #define HAVE_DLFCN_H 1
| #define LT_OBJDIR ".libs/"
| #define HAVE_MACRO_VA_ARGS 1
| #define HAVE_GCC_ATTRIBUTE 1
| #define HAVE__FUNC__ /**/
| #define HAVE__FUNCTION__ /**/
| #define HYDRA_VERSION "1.4.1p1"
| #define HYDRA_RELEASE_DATE "Thu Sep  1 13:53:02 CDT 2011"
| #define HYDRA_CC "gcc     "
| #define HYDRA_CXX ""
| #define HYDRA_F77 ""
| #define HYDRA_F90 ""
| #define HYDRA_CONFIGURE_ARGS_CLEAN "'--disable-option-checking' '--prefix=/opt/hpctools' '--enable-transport-ib' '--enable-zeromrs' '--enable-me-triggered' '--cache-file=/dev/null' '--srcdir=.'"
| #define HAVE_UNISTD_H 1
| #define HAVE_STDLIB_H 1
| #define HAVE_STRING_H 1
| #define HAVE_STRINGS_H 1
| #define HAVE_STDARG_H 1
| #define HAVE_SYS_TYPES_H 1
| #define HAVE_SYS_SOCKET_H 1
| #define HAVE_SCHED_H 1
| #define HAVE_SYS_STAT_H 1
| #define HAVE_SYS_PARAM_H 1
| #define HAVE_NETINET_IN_H 1
| #define HAVE_NETINET_TCP_H 1
| #define HAVE_SYS_UN_H 1
| #define HAVE_NETDB_H 1
| #define HAVE_SYS_TIME_H 1
| #define HAVE_TIME_H 1
| #define HAVE_IFADDRS_H 1
| #define HAVE_ARPA_INET_H 1
| #define HAVE_ERRNO_H 1
| #define HAVE_POLL_H 1
| #define HAVE_FCNTL_H 1
| #define HAVE_NETDB_H 1
| /* end confdefs.h.  */
| #include <windows.h>
configure:13643: result: no
configure:13643: checking for windows.h
configure:13643: result: no
configure:13654: checking for socket in -lsocket
configure:13679: gcc -o conftest     conftest.c -lsocket   >&5
/usr/bin/ld: cannot find -lsocket
collect2: error: ld returned 1 exit status
configure:13679: $? = 1
configure: failed program was:
| /* confdefs.h */
| #define PACKAGE_NAME "Hydra"
| #define PACKAGE_TARNAME "hydra"
| #define PACKAGE_VERSION "0"
| #define PACKAGE_STRING "Hydra 0"
| #define PACKAGE_BUGREPORT ""
| #define PACKAGE_URL ""
| #define PACKAGE "hydra"
| #define VERSION "0"
| #define restrict __restrict
| #define STDC_HEADERS 1
| #define HAVE_SYS_TYPES_H 1
| #define HAVE_SYS_STAT_H 1
| #define HAVE_STDLIB_H 1
| #define HAVE_STRING_H 1
| #define HAVE_MEMORY_H 1
| #define HAVE_STRINGS_H 1
| #define HAVE_INTTYPES_H 1
| #define HAVE_STDINT_H 1
| #define HAVE_UNISTD_H 1
| #define SIZEOF_UNSIGNED_LONG 8
| #define HAVE_DLFCN_H 1
| #define LT_OBJDIR ".libs/"
| #define HAVE_MACRO_VA_ARGS 1
| #define HAVE_GCC_ATTRIBUTE 1
| #define HAVE__FUNC__ /**/
| #define HAVE__FUNCTION__ /**/
| #define HYDRA_VERSION "1.4.1p1"
| #define HYDRA_RELEASE_DATE "Thu Sep  1 13:53:02 CDT 2011"
| #define HYDRA_CC "gcc     "
| #define HYDRA_CXX ""
| #define HYDRA_F77 ""
| #define HYDRA_F90 ""
| #define HYDRA_CONFIGURE_ARGS_CLEAN "'--disable-option-checking' '--prefix=/opt/hpctools' '--enable-transport-ib' '--enable-zeromrs' '--enable-me-triggered' '--cache-file=/dev/null' '--srcdir=.'"
| #define HAVE_UNISTD_H 1
| #define HAVE_STDLIB_H 1
| #define HAVE_STRING_H 1
| #define HAVE_STRINGS_H 1
| #define HAVE_STDARG_H 1
| #define HAVE_SYS_TYPES_H 1
| #define HAVE_SYS_SOCKET_H 1
| #define HAVE_SCHED_H 1
| #define HAVE_SYS_STAT_H 1
| #define HAVE_SYS_PARAM_H 1
| #define HAVE_NETINET_IN_H 1
| #define HAVE_NETINET_TCP_H 1
| #define HAVE_SYS_UN_H 1
| #define HAVE_NETDB_H 1
| #define HAVE_SYS_TIME_H 1
| #define HAVE_TIME_H 1
| #define HAVE_IFADDRS_H 1
| #define HAVE_ARPA_INET_H 1
| #define HAVE_ERRNO_H 1
| #define HAVE_POLL_H 1
| #define HAVE_FCNTL_H 1
| #define HAVE_NETDB_H 1
| /* end confdefs.h.  */
| 
| /* Override any GCC internal prototype to avoid an error.
|    Use char because int might match the return type of a GCC
|    builtin and then its argument prototype would still apply.  */
| #ifdef __cplusplus
| extern "C"
| #endif
| char socket ();
| int
| main ()
| {
| return socket ();
|   ;
|   return 0;
| }
configure:13688: result: no
configure:13694: checking for gethostbyname in -lnsl
configure:13719: gcc -o conftest     conftest.c -lnsl   >&5
configure:13719: $? = 0
configure:13728: result: yes
configure:13740: checking for gettimeofday
configure:13740: gcc -o conftest     -lnsl conftest.c  >&5
configure:13740: $? = 0
configure:13740: result: yes
configure:13740: checking for time
configure:13740: gcc -o conftest     -lnsl conftest.c  >&5
configure:13740: $? = 0
configure:13740: result: yes
configure:13740: checking for strdup
configure:13740: gcc -o conftest     -lnsl conftest.c  >&5
conftest.c:83:6: warning: conflicting types for built-in function 'strdup' [enabled by default]
 char strdup ();
      ^
configure:13740: $? = 0
configure:13740: result: yes
configure:13740: checking for sigaction
configure:13740: gcc -o conftest     -lnsl conftest.c  >&5
configure:13740: $? = 0
configure:13740: result: yes
configure:13740: checking for signal
configure:13740: gcc -o conftest     -lnsl conftest.c  >&5
configure:13740: $? = 0
configure:13740: result: yes
configure:13740: checking for usleep
configure:13740: gcc -o conftest     -lnsl conftest.c  >&5
configure:13740: $? = 0
configure:13740: result: yes
configure:13740: checking for alloca
configure:13740: gcc -o conftest     -lnsl conftest.c  >&5
conftest.c:87:6: warning: conflicting types for built-in function 'alloca' [enabled by default]
 char alloca ();
      ^
/tmp/ccC1AVrs.o: In function `main':
conftest.c:(.text+0xa): undefined reference to `alloca'
collect2: error: ld returned 1 exit status
configure:13740: $? = 1
configure: failed program was:
| /* confdefs.h */
| #define PACKAGE_NAME "Hydra"
| #define PACKAGE_TARNAME "hydra"
| #define PACKAGE_VERSION "0"
| #define PACKAGE_STRING "Hydra 0"
| #define PACKAGE_BUGREPORT ""
| #define PACKAGE_URL ""
| #define PACKAGE "hydra"
| #define VERSION "0"
| #define restrict __restrict
| #define STDC_HEADERS 1
| #define HAVE_SYS_TYPES_H 1
| #define HAVE_SYS_STAT_H 1
| #define HAVE_STDLIB_H 1
| #define HAVE_STRING_H 1
| #define HAVE_MEMORY_H 1
| #define HAVE_STRINGS_H 1
| #define HAVE_INTTYPES_H 1
| #define HAVE_STDINT_H 1
| #define HAVE_UNISTD_H 1
| #define SIZEOF_UNSIGNED_LONG 8
| #define HAVE_DLFCN_H 1
| #define LT_OBJDIR ".libs/"
| #define HAVE_MACRO_VA_ARGS 1
| #define HAVE_GCC_ATTRIBUTE 1
| #define HAVE__FUNC__ /**/
| #define HAVE__FUNCTION__ /**/
| #define HYDRA_VERSION "1.4.1p1"
| #define HYDRA_RELEASE_DATE "Thu Sep  1 13:53:02 CDT 2011"
| #define HYDRA_CC "gcc     "
| #define HYDRA_CXX ""
| #define HYDRA_F77 ""
| #define HYDRA_F90 ""
| #define HYDRA_CONFIGURE_ARGS_CLEAN "'--disable-option-checking' '--prefix=/opt/hpctools' '--enable-transport-ib' '--enable-zeromrs' '--enable-me-triggered' '--cache-file=/dev/null' '--srcdir=.'"
| #define HAVE_UNISTD_H 1
| #define HAVE_STDLIB_H 1
| #define HAVE_STRING_H 1
| #define HAVE_STRINGS_H 1
| #define HAVE_STDARG_H 1
| #define HAVE_SYS_TYPES_H 1
| #define HAVE_SYS_SOCKET_H 1
| #define HAVE_SCHED_H 1
| #define HAVE_SYS_STAT_H 1
| #define HAVE_SYS_PARAM_H 1
| #define HAVE_NETINET_IN_H 1
| #define HAVE_NETINET_TCP_H 1
| #define HAVE_SYS_UN_H 1
| #define HAVE_NETDB_H 1
| #define HAVE_SYS_TIME_H 1
| #define HAVE_TIME_H 1
| #define HAVE_IFADDRS_H 1
| #define HAVE_ARPA_INET_H 1
| #define HAVE_ERRNO_H 1
| #define HAVE_POLL_H 1
| #define HAVE_FCNTL_H 1
| #define HAVE_NETDB_H 1
| #define HAVE_GETTIMEOFDAY 1
| #define HAVE_TIME 1
| #define HAVE_STRDUP 1
| #define HAVE_SIGACTION 1
| #define HAVE_SIGNAL 1
| #define HAVE_USLEEP 1
| /* end confdefs.h.  */
| /* Define alloca to an innocuous variant, in case <limits.h> declares alloca.
|    For example, HP-UX 11i <limits.h> declares gettimeofday.  */
| #define alloca innocuous_alloca
| 
| /* System header to define __stub macros and hopefully few prototypes,
|     which can conflict with char alloca (); below.
|     Prefer <limits.h> to <assert.h> if __STDC__ is defined, since
|     <limits.h> exists even on freestanding compilers.  */
| 
| #ifdef __STDC__
| # include <limits.h>
| #else
| # include <assert.h>
| #endif
| 
| #undef alloca
| 
| /* Override any GCC internal prototype to avoid an error.
|    Use char because int might match the return type of a GCC
|    builtin and then its argument prototype would still apply.  */
| #ifdef __cplusplus
| extern "C"
| #endif
| char alloca ();
| /* The GNU C library defines this for functions which it implements
|     to always fail with ENOSYS.  Some functions are actually named
|     something starting with __ and the normal name is an alias.  */
| #if defined __stub_alloca || defined __stub___alloca
| choke me
| #endif
| 
| int
| main ()
| {
| return alloca ();
|   ;
|   return 0;
| }
configure:13740: result: no
configure:13740: checking for unsetenv
configure:13740: gcc -o conftest     -lnsl conftest.c  >&5
configure:13740: $? = 0
configure:13740: result: yes
configure:13740: checking for strerror
configure:13740: gcc -o conftest     -lnsl conftest.c  >&5
configure:13740: $? = 0
configure:13740: result: yes
configure:13740: checking for strsignal
configure:13740: gcc -o conftest     -lnsl conftest.c  >&5
configure:13740: $? = 0
configure:13740: result: yes
configure:13740: checking for stat
configure:13740: gcc -o conftest     -lnsl conftest.c  >&5
configure:13740: $? = 0
configure:13740: result: yes
configure:13740: checking for getifaddrs
configure:13740: gcc -o conftest     -lnsl conftest.c  >&5
configure:13740: $? = 0
configure:13740: result: yes
configure:13740: checking for fcntl
configure:13740: gcc -o conftest     -lnsl conftest.c  >&5
configure:13740: $? = 0
configure:13740: result: yes
configure:13740: checking for alarm
configure:13740: gcc -o conftest     -lnsl conftest.c  >&5
configure:13740: $? = 0
configure:13740: result: yes
configure:13740: checking for isatty
configure:13740: gcc -o conftest     -lnsl conftest.c  >&5
configure:13740: $? = 0
configure:13740: result: yes
configure:13740: checking for inet_ntop
configure:13740: gcc -o conftest     -lnsl conftest.c  >&5
configure:13740: $? = 0
configure:13740: result: yes
configure:13751: checking for environ in unistd.h
configure:13767: gcc -c    conftest.c >&5
conftest.c: In function 'main':
conftest.c:77:12: error: 'environ' undeclared (first use in this function)
 char **x = environ;
            ^
conftest.c:77:12: note: each undeclared identifier is reported only once for each function it appears in
configure:13767: $? = 1
configure: failed program was:
| /* confdefs.h */
| #define PACKAGE_NAME "Hydra"
| #define PACKAGE_TARNAME "hydra"
| #define PACKAGE_VERSION "0"
| #define PACKAGE_STRING "Hydra 0"
| #define PACKAGE_BUGREPORT ""
| #define PACKAGE_URL ""
| #define PACKAGE "hydra"
| #define VERSION "0"
| #define restrict __restrict
| #define STDC_HEADERS 1
| #define HAVE_SYS_TYPES_H 1
| #define HAVE_SYS_STAT_H 1
| #define HAVE_STDLIB_H 1
| #define HAVE_STRING_H 1
| #define HAVE_MEMORY_H 1
| #define HAVE_STRINGS_H 1
| #define HAVE_INTTYPES_H 1
| #define HAVE_STDINT_H 1
| #define HAVE_UNISTD_H 1
| #define SIZEOF_UNSIGNED_LONG 8
| #define HAVE_DLFCN_H 1
| #define LT_OBJDIR ".libs/"
| #define HAVE_MACRO_VA_ARGS 1
| #define HAVE_GCC_ATTRIBUTE 1
| #define HAVE__FUNC__ /**/
| #define HAVE__FUNCTION__ /**/
| #define HYDRA_VERSION "1.4.1p1"
| #define HYDRA_RELEASE_DATE "Thu Sep  1 13:53:02 CDT 2011"
| #define HYDRA_CC "gcc     "
| #define HYDRA_CXX ""
| #define HYDRA_F77 ""
| #define HYDRA_F90 ""
| #define HYDRA_CONFIGURE_ARGS_CLEAN "'--disable-option-checking' '--prefix=/opt/hpctools' '--enable-transport-ib' '--enable-zeromrs' '--enable-me-triggered' '--cache-file=/dev/null' '--srcdir=.'"
| #define HAVE_UNISTD_H 1
| #define HAVE_STDLIB_H 1
| #define HAVE_STRING_H 1
| #define HAVE_STRINGS_H 1
| #define HAVE_STDARG_H 1
| #define HAVE_SYS_TYPES_H 1
| #define HAVE_SYS_SOCKET_H 1
| #define HAVE_SCHED_H 1
| #define HAVE_SYS_STAT_H 1
| #define HAVE_SYS_PARAM_H 1
| #define HAVE_NETINET_IN_H 1
| #define HAVE_NETINET_TCP_H 1
| #define HAVE_SYS_UN_H 1
| #define HAVE_NETDB_H 1
| #define HAVE_SYS_TIME_H 1
| #define HAVE_TIME_H 1
| #define HAVE_IFADDRS_H 1
| #define HAVE_ARPA_INET_H 1
| #define HAVE_ERRNO_H 1
| #define HAVE_POLL_H 1
| #define HAVE_FCNTL_H 1
| #define HAVE_NETDB_H 1
| #define HAVE_GETTIMEOFDAY 1
| #define HAVE_TIME 1
| #define HAVE_STRDUP 1
| #define HAVE_SIGACTION 1
| #define HAVE_SIGNAL 1
| #define HAVE_USLEEP 1
| #define HAVE_UNSETENV 1
| #define HAVE_STRERROR 1
| #define HAVE_STRSIGNAL 1
| #define HAVE_STAT 1
| #define HAVE_GETIFADDRS 1
| #define HAVE_FCNTL 1
| #define HAVE_ALARM 1
| #define HAVE_ISATTY 1
| #define HAVE_INET_NTOP 1
| /* end confdefs.h.  */
| #include <unistd.h>
| int
| main ()
| {
| char **x = environ;
|   ;
|   return 0;
| }
configure:13774: result: no
configure:13783: checking for manually declared extern environ
configure:13799: gcc -o conftest     -lnsl conftest.c  >&5
configure:13799: $? = 0
configure:13807: result: yes
configure:13839: checking bootstrap server
configure:13841: result: user,ssh,rsh,fork,slurm,ll,lsf,sge,pbs,manual,persist
configure:13922: checking tm.h usability
configure:13922: gcc -c    conftest.c >&5
conftest.c:108:16: fatal error: tm.h: No such file or directory
 #include <tm.h>
                ^
compilation terminated.
configure:13922: $? = 1
configure: failed program was:
| /* confdefs.h */
| #define PACKAGE_NAME "Hydra"
| #define PACKAGE_TARNAME "hydra"
| #define PACKAGE_VERSION "0"
| #define PACKAGE_STRING "Hydra 0"
| #define PACKAGE_BUGREPORT ""
| #define PACKAGE_URL ""
| #define PACKAGE "hydra"
| #define VERSION "0"
| #define restrict __restrict
| #define STDC_HEADERS 1
| #define HAVE_SYS_TYPES_H 1
| #define HAVE_SYS_STAT_H 1
| #define HAVE_STDLIB_H 1
| #define HAVE_STRING_H 1
| #define HAVE_MEMORY_H 1
| #define HAVE_STRINGS_H 1
| #define HAVE_INTTYPES_H 1
| #define HAVE_STDINT_H 1
| #define HAVE_UNISTD_H 1
| #define SIZEOF_UNSIGNED_LONG 8
| #define HAVE_DLFCN_H 1
| #define LT_OBJDIR ".libs/"
| #define HAVE_MACRO_VA_ARGS 1
| #define HAVE_GCC_ATTRIBUTE 1
| #define HAVE__FUNC__ /**/
| #define HAVE__FUNCTION__ /**/
| #define HYDRA_VERSION "1.4.1p1"
| #define HYDRA_RELEASE_DATE "Thu Sep  1 13:53:02 CDT 2011"
| #define HYDRA_CC "gcc     "
| #define HYDRA_CXX ""
| #define HYDRA_F77 ""
| #define HYDRA_F90 ""
| #define HYDRA_CONFIGURE_ARGS_CLEAN "'--disable-option-checking' '--prefix=/opt/hpctools' '--enable-transport-ib' '--enable-zeromrs' '--enable-me-triggered' '--cache-file=/dev/null' '--srcdir=.'"
| #define HAVE_UNISTD_H 1
| #define HAVE_STDLIB_H 1
| #define HAVE_STRING_H 1
| #define HAVE_STRINGS_H 1
| #define HAVE_STDARG_H 1
| #define HAVE_SYS_TYPES_H 1
| #define HAVE_SYS_SOCKET_H 1
| #define HAVE_SCHED_H 1
| #define HAVE_SYS_STAT_H 1
| #define HAVE_SYS_PARAM_H 1
| #define HAVE_NETINET_IN_H 1
| #define HAVE_NETINET_TCP_H 1
| #define HAVE_SYS_UN_H 1
| #define HAVE_NETDB_H 1
| #define HAVE_SYS_TIME_H 1
| #define HAVE_TIME_H 1
| #define HAVE_IFADDRS_H 1
| #define HAVE_ARPA_INET_H 1
| #define HAVE_ERRNO_H 1
| #define HAVE_POLL_H 1
| #define HAVE_FCNTL_H 1
| #define HAVE_NETDB_H 1
| #define HAVE_GETTIMEOFDAY 1
| #define HAVE_TIME 1
| #define HAVE_STRDUP 1
| #define HAVE_SIGACTION 1
| #define HAVE_SIGNAL 1
| #define HAVE_USLEEP 1
| #define HAVE_UNSETENV 1
| #define HAVE_STRERROR 1
| #define HAVE_STRSIGNAL 1
| #define HAVE_STAT 1
| #define HAVE_GETIFADDRS 1
| #define HAVE_FCNTL 1
| #define HAVE_ALARM 1
| #define HAVE_ISATTY 1
| #define HAVE_INET_NTOP 1
| #define MANUAL_EXTERN_ENVIRON 1
| #define HAVE_EXTERN_ENVIRON 1
| /* end confdefs.h.  */
| #include <stdio.h>
| #ifdef HAVE_SYS_TYPES_H
| # include <sys/types.h>
| #endif
| #ifdef HAVE_SYS_STAT_H
| # include <sys/stat.h>
| #endif
| #ifdef STDC_HEADERS
| # include <stdlib.h>
| # include <stddef.h>
| #else
| # ifdef HAVE_STDLIB_H
| #  include <stdlib.h>
| # endif
| #endif
| #ifdef HAVE_STRING_H
| # if !defined STDC_HEADERS && defined HAVE_MEMORY_H
| #  include <memory.h>
| # endif
| # include <string.h>
| #endif
| #ifdef HAVE_STRINGS_H
| # include <strings.h>
| #endif
| #ifdef HAVE_INTTYPES_H
| # include <inttypes.h>
| #endif
| #ifdef HAVE_STDINT_H
| # include <stdint.h>
| #endif
| #ifdef HAVE_UNISTD_H
| # include <unistd.h>
| #endif
| #include <tm.h>
configure:13922: result: no
configure:13922: checking tm.h presence
configure:13922: gcc -E  conftest.c
conftest.c:75:16: fatal error: tm.h: No such file or directory
 #include <tm.h>
                ^
compilation terminated.
configure:13922: $? = 1
configure: failed program was:
| /* confdefs.h */
| #define PACKAGE_NAME "Hydra"
| #define PACKAGE_TARNAME "hydra"
| #define PACKAGE_VERSION "0"
| #define PACKAGE_STRING "Hydra 0"
| #define PACKAGE_BUGREPORT ""
| #define PACKAGE_URL ""
| #define PACKAGE "hydra"
| #define VERSION "0"
| #define restrict __restrict
| #define STDC_HEADERS 1
| #define HAVE_SYS_TYPES_H 1
| #define HAVE_SYS_STAT_H 1
| #define HAVE_STDLIB_H 1
| #define HAVE_STRING_H 1
| #define HAVE_MEMORY_H 1
| #define HAVE_STRINGS_H 1
| #define HAVE_INTTYPES_H 1
| #define HAVE_STDINT_H 1
| #define HAVE_UNISTD_H 1
| #define SIZEOF_UNSIGNED_LONG 8
| #define HAVE_DLFCN_H 1
| #define LT_OBJDIR ".libs/"
| #define HAVE_MACRO_VA_ARGS 1
| #define HAVE_GCC_ATTRIBUTE 1
| #define HAVE__FUNC__ /**/
| #define HAVE__FUNCTION__ /**/
| #define HYDRA_VERSION "1.4.1p1"
| #define HYDRA_RELEASE_DATE "Thu Sep  1 13:53:02 CDT 2011"
| #define HYDRA_CC "gcc     "
| #define HYDRA_CXX ""
| #define HYDRA_F77 ""
| #define HYDRA_F90 ""
| #define HYDRA_CONFIGURE_ARGS_CLEAN "'--disable-option-checking' '--prefix=/opt/hpctools' '--enable-transport-ib' '--enable-zeromrs' '--enable-me-triggered' '--cache-file=/dev/null' '--srcdir=.'"
| #define HAVE_UNISTD_H 1
| #define HAVE_STDLIB_H 1
| #define HAVE_STRING_H 1
| #define HAVE_STRINGS_H 1
| #define HAVE_STDARG_H 1
| #define HAVE_SYS_TYPES_H 1
| #define HAVE_SYS_SOCKET_H 1
| #define HAVE_SCHED_H 1
| #define HAVE_SYS_STAT_H 1
| #define HAVE_SYS_PARAM_H 1
| #define HAVE_NETINET_IN_H 1
| #define HAVE_NETINET_TCP_H 1
| #define HAVE_SYS_UN_H 1
| #define HAVE_NETDB_H 1
| #define HAVE_SYS_TIME_H 1
| #define HAVE_TIME_H 1
| #define HAVE_IFADDRS_H 1
| #define HAVE_ARPA_INET_H 1
| #define HAVE_ERRNO_H 1
| #define HAVE_POLL_H 1
| #define HAVE_FCNTL_H 1
| #define HAVE_NETDB_H 1
| #define HAVE_GETTIMEOFDAY 1
| #define HAVE_TIME 1
| #define HAVE_STRDUP 1
| #define HAVE_SIGACTION 1
| #define HAVE_SIGNAL 1
| #define HAVE_USLEEP 1
| #define HAVE_UNSETENV 1
| #define HAVE_STRERROR 1
| #define HAVE_STRSIGNAL 1
| #define HAVE_STAT 1
| #define HAVE_GETIFADDRS 1
| #define HAVE_FCNTL 1
| #define HAVE_ALARM 1
| #define HAVE_ISATTY 1
| #define HAVE_INET_NTOP 1
| #define MANUAL_EXTERN_ENVIRON 1
| #define HAVE_EXTERN_ENVIRON 1
| /* end confdefs.h.  */
| #include <tm.h>
configure:13922: result: no
configure:13922: checking for tm.h
configure:13922: result: no
configure:13930: checking for tm_init in -ltorque
configure:13955: gcc -o conftest     -lnsl conftest.c -ltorque   >&5
/usr/bin/ld: cannot find -ltorque
collect2: error: ld returned 1 exit status
configure:13955: $? = 1
configure: failed program was:
| /* confdefs.h */
| #define PACKAGE_NAME "Hydra"
| #define PACKAGE_TARNAME "hydra"
| #define PACKAGE_VERSION "0"
| #define PACKAGE_STRING "Hydra 0"
| #define PACKAGE_BUGREPORT ""
| #define PACKAGE_URL ""
| #define PACKAGE "hydra"
| #define VERSION "0"
| #define restrict __restrict
| #define STDC_HEADERS 1
| #define HAVE_SYS_TYPES_H 1
| #define HAVE_SYS_STAT_H 1
| #define HAVE_STDLIB_H 1
| #define HAVE_STRING_H 1
| #define HAVE_MEMORY_H 1
| #define HAVE_STRINGS_H 1
| #define HAVE_INTTYPES_H 1
| #define HAVE_STDINT_H 1
| #define HAVE_UNISTD_H 1
| #define SIZEOF_UNSIGNED_LONG 8
| #define HAVE_DLFCN_H 1
| #define LT_OBJDIR ".libs/"
| #define HAVE_MACRO_VA_ARGS 1
| #define HAVE_GCC_ATTRIBUTE 1
| #define HAVE__FUNC__ /**/
| #define HAVE__FUNCTION__ /**/
| #define HYDRA_VERSION "1.4.1p1"
| #define HYDRA_RELEASE_DATE "Thu Sep  1 13:53:02 CDT 2011"
| #define HYDRA_CC "gcc     "
| #define HYDRA_CXX ""
| #define HYDRA_F77 ""
| #define HYDRA_F90 ""
| #define HYDRA_CONFIGURE_ARGS_CLEAN "'--disable-option-checking' '--prefix=/opt/hpctools' '--enable-transport-ib' '--enable-zeromrs' '--enable-me-triggered' '--cache-file=/dev/null' '--srcdir=.'"
| #define HAVE_UNISTD_H 1
| #define HAVE_STDLIB_H 1
| #define HAVE_STRING_H 1
| #define HAVE_STRINGS_H 1
| #define HAVE_STDARG_H 1
| #define HAVE_SYS_TYPES_H 1
| #define HAVE_SYS_SOCKET_H 1
| #define HAVE_SCHED_H 1
| #define HAVE_SYS_STAT_H 1
| #define HAVE_SYS_PARAM_H 1
| #define HAVE_NETINET_IN_H 1
| #define HAVE_NETINET_TCP_H 1
| #define HAVE_SYS_UN_H 1
| #define HAVE_NETDB_H 1
| #define HAVE_SYS_TIME_H 1
| #define HAVE_TIME_H 1
| #define HAVE_IFADDRS_H 1
| #define HAVE_ARPA_INET_H 1
| #define HAVE_ERRNO_H 1
| #define HAVE_POLL_H 1
| #define HAVE_FCNTL_H 1
| #define HAVE_NETDB_H 1
| #define HAVE_GETTIMEOFDAY 1
| #define HAVE_TIME 1
| #define HAVE_STRDUP 1
| #define HAVE_SIGACTION 1
| #define HAVE_SIGNAL 1
| #define HAVE_USLEEP 1
| #define HAVE_UNSETENV 1
| #define HAVE_STRERROR 1
| #define HAVE_STRSIGNAL 1
| #define HAVE_STAT 1
| #define HAVE_GETIFADDRS 1
| #define HAVE_FCNTL 1
| #define HAVE_ALARM 1
| #define HAVE_ISATTY 1
| #define HAVE_INET_NTOP 1
| #define MANUAL_EXTERN_ENVIRON 1
| #define HAVE_EXTERN_ENVIRON 1
| /* end confdefs.h.  */
| 
| /* Override any GCC internal prototype to avoid an error.
|    Use char because int might match the return type of a GCC
|    builtin and then its argument prototype would still apply.  */
| #ifdef __cplusplus
| extern "C"
| #endif
| char tm_init ();
| int
| main ()
| {
| return tm_init ();
|   ;
|   return 0;
| }
configure:13964: result: no
configure:14111: checking process manager
configure:14113: result: pmiserv
configure:14137: checking user interface
configure:14139: result: mpich
configure:14266: checking desired processor topology libraries
configure:14268: result: hwloc
configure:14502: checking available processor topology libraries
configure:14504: result: 
configure:14515: checking pthread.h usability
configure:14515: gcc -c    conftest.c >&5
configure:14515: $? = 0
configure:14515: result: yes
configure:14515: checking pthread.h presence
configure:14515: gcc -E  conftest.c
configure:14515: $? = 0
configure:14515: result: yes
configure:14515: checking for pthread.h
configure:14515: result: yes
configure:14525: checking for pthread_key_create in -lpthread
configure:14550: gcc -o conftest     -lnsl conftest.c -lpthread   >&5
configure:14550: $? = 0
configure:14559: result: yes
LIBS(='') does not contain '-lpthread', prepending
configure:14589: checking checkpointing library
configure:14595: result: none
configure:14754: checking demux engine
configure:14756: result: poll,select,port
configure:14769: checking for poll
configure:14769: gcc -o conftest     -lnsl conftest.c -lpthread  >&5
configure:14769: $? = 0
configure:14769: result: yes
configure:14787: checking for select
configure:14787: gcc -o conftest     -lnsl conftest.c -lpthread  >&5
configure:14787: $? = 0
configure:14787: result: yes
configure:14870: checking debugging support
configure:14872: result: none
configure:14924: checking error checking
configure:14926: result: yes
configure:14946: checking warnings
configure:14948: result: no
configure:14967: checking profiling
configure:14969: result: yes
LIBS(='-lpthread ') contains '-lpthread', not prepending
configure:15038: checking libftb.h usability
configure:15038: gcc -c   -g  conftest.c >&5
conftest.c:126:20: fatal error: libftb.h: No such file or directory
 #include <libftb.h>
                    ^
compilation terminated.
configure:15038: $? = 1
configure: failed program was:
| /* confdefs.h */
| #define PACKAGE_NAME "Hydra"
| #define PACKAGE_TARNAME "hydra"
| #define PACKAGE_VERSION "0"
| #define PACKAGE_STRING "Hydra 0"
| #define PACKAGE_BUGREPORT ""
| #define PACKAGE_URL ""
| #define PACKAGE "hydra"
| #define VERSION "0"
| #define restrict __restrict
| #define STDC_HEADERS 1
| #define HAVE_SYS_TYPES_H 1
| #define HAVE_SYS_STAT_H 1
| #define HAVE_STDLIB_H 1
| #define HAVE_STRING_H 1
| #define HAVE_MEMORY_H 1
| #define HAVE_STRINGS_H 1
| #define HAVE_INTTYPES_H 1
| #define HAVE_STDINT_H 1
| #define HAVE_UNISTD_H 1
| #define SIZEOF_UNSIGNED_LONG 8
| #define HAVE_DLFCN_H 1
| #define LT_OBJDIR ".libs/"
| #define HAVE_MACRO_VA_ARGS 1
| #define HAVE_GCC_ATTRIBUTE 1
| #define HAVE__FUNC__ /**/
| #define HAVE__FUNCTION__ /**/
| #define HYDRA_VERSION "1.4.1p1"
| #define HYDRA_RELEASE_DATE "Thu Sep  1 13:53:02 CDT 2011"
| #define HYDRA_CC "gcc     "
| #define HYDRA_CXX ""
| #define HYDRA_F77 ""
| #define HYDRA_F90 ""
| #define HYDRA_CONFIGURE_ARGS_CLEAN "'--disable-option-checking' '--prefix=/opt/hpctools' '--enable-transport-ib' '--enable-zeromrs' '--enable-me-triggered' '--cache-file=/dev/null' '--srcdir=.'"
| #define HAVE_UNISTD_H 1
| #define HAVE_STDLIB_H 1
| #define HAVE_STRING_H 1
| #define HAVE_STRINGS_H 1
| #define HAVE_STDARG_H 1
| #define HAVE_SYS_TYPES_H 1
| #define HAVE_SYS_SOCKET_H 1
| #define HAVE_SCHED_H 1
| #define HAVE_SYS_STAT_H 1
| #define HAVE_SYS_PARAM_H 1
| #define HAVE_NETINET_IN_H 1
| #define HAVE_NETINET_TCP_H 1
| #define HAVE_SYS_UN_H 1
| #define HAVE_NETDB_H 1
| #define HAVE_SYS_TIME_H 1
| #define HAVE_TIME_H 1
| #define HAVE_IFADDRS_H 1
| #define HAVE_ARPA_INET_H 1
| #define HAVE_ERRNO_H 1
| #define HAVE_POLL_H 1
| #define HAVE_FCNTL_H 1
| #define HAVE_NETDB_H 1
| #define HAVE_GETTIMEOFDAY 1
| #define HAVE_TIME 1
| #define HAVE_STRDUP 1
| #define HAVE_SIGACTION 1
| #define HAVE_SIGNAL 1
| #define HAVE_USLEEP 1
| #define HAVE_UNSETENV 1
| #define HAVE_STRERROR 1
| #define HAVE_STRSIGNAL 1
| #define HAVE_STAT 1
| #define HAVE_GETIFADDRS 1
| #define HAVE_FCNTL 1
| #define HAVE_ALARM 1
| #define HAVE_ISATTY 1
| #define HAVE_INET_NTOP 1
| #define MANUAL_EXTERN_ENVIRON 1
| #define HAVE_EXTERN_ENVIRON 1
| #define HAVE_BSS_EXTERNAL 1
| #define HAVE_BSS_PERSIST 1
| #define HYDRA_DEFAULT_LAUNCHER "ssh"
| #define HYDRA_AVAILABLE_LAUNCHERS " ssh rsh fork slurm ll lsf sge manual persist"
| #define HYDRA_DEFAULT_RMK "user"
| #define HYDRA_AVAILABLE_RMKS " user slurm ll lsf sge pbs"
| #define HYDRA_AVAILABLE_TOPOLIBS ""
| #define HYDRA_DEFAULT_TOPOLIB NULL
| #define HAVE_PTHREAD_H 1
| #define HAVE_PTHREADS 1
| #define HYDRA_AVAILABLE_CKPOINTLIBS ""
| #define HYDRA_DEFAULT_CKPOINTLIB NULL
| #define HAVE_POLL 1
| #define HAVE_SELECT 1
| #define HYDRA_AVAILABLE_DEMUXES " poll select"
| #define HYDRA_DEFAULT_DEMUX "poll"
| #define HAVE_ERROR_CHECKING 1
| #define ENABLE_PROFILING 1
| /* end confdefs.h.  */
| #include <stdio.h>
| #ifdef HAVE_SYS_TYPES_H
| # include <sys/types.h>
| #endif
| #ifdef HAVE_SYS_STAT_H
| # include <sys/stat.h>
| #endif
| #ifdef STDC_HEADERS
| # include <stdlib.h>
| # include <stddef.h>
| #else
| # ifdef HAVE_STDLIB_H
| #  include <stdlib.h>
| # endif
| #endif
| #ifdef HAVE_STRING_H
| # if !defined STDC_HEADERS && defined HAVE_MEMORY_H
| #  include <memory.h>
| # endif
| # include <string.h>
| #endif
| #ifdef HAVE_STRINGS_H
| # include <strings.h>
| #endif
| #ifdef HAVE_INTTYPES_H
| # include <inttypes.h>
| #endif
| #ifdef HAVE_STDINT_H
| # include <stdint.h>
| #endif
| #ifdef HAVE_UNISTD_H
| # include <unistd.h>
| #endif
| #include <libftb.h>
configure:15038: result: no
configure:15038: checking libftb.h presence
configure:15038: gcc -E  conftest.c
conftest.c:93:20: fatal error: libftb.h: No such file or directory
 #include <libftb.h>
                    ^
compilation terminated.
configure:15038: $? = 1
configure: failed program was:
| /* confdefs.h */
| #define PACKAGE_NAME "Hydra"
| #define PACKAGE_TARNAME "hydra"
| #define PACKAGE_VERSION "0"
| #define PACKAGE_STRING "Hydra 0"
| #define PACKAGE_BUGREPORT ""
| #define PACKAGE_URL ""
| #define PACKAGE "hydra"
| #define VERSION "0"
| #define restrict __restrict
| #define STDC_HEADERS 1
| #define HAVE_SYS_TYPES_H 1
| #define HAVE_SYS_STAT_H 1
| #define HAVE_STDLIB_H 1
| #define HAVE_STRING_H 1
| #define HAVE_MEMORY_H 1
| #define HAVE_STRINGS_H 1
| #define HAVE_INTTYPES_H 1
| #define HAVE_STDINT_H 1
| #define HAVE_UNISTD_H 1
| #define SIZEOF_UNSIGNED_LONG 8
| #define HAVE_DLFCN_H 1
| #define LT_OBJDIR ".libs/"
| #define HAVE_MACRO_VA_ARGS 1
| #define HAVE_GCC_ATTRIBUTE 1
| #define HAVE__FUNC__ /**/
| #define HAVE__FUNCTION__ /**/
| #define HYDRA_VERSION "1.4.1p1"
| #define HYDRA_RELEASE_DATE "Thu Sep  1 13:53:02 CDT 2011"
| #define HYDRA_CC "gcc     "
| #define HYDRA_CXX ""
| #define HYDRA_F77 ""
| #define HYDRA_F90 ""
| #define HYDRA_CONFIGURE_ARGS_CLEAN "'--disable-option-checking' '--prefix=/opt/hpctools' '--enable-transport-ib' '--enable-zeromrs' '--enable-me-triggered' '--cache-file=/dev/null' '--srcdir=.'"
| #define HAVE_UNISTD_H 1
| #define HAVE_STDLIB_H 1
| #define HAVE_STRING_H 1
| #define HAVE_STRINGS_H 1
| #define HAVE_STDARG_H 1
| #define HAVE_SYS_TYPES_H 1
| #define HAVE_SYS_SOCKET_H 1
| #define HAVE_SCHED_H 1
| #define HAVE_SYS_STAT_H 1
| #define HAVE_SYS_PARAM_H 1
| #define HAVE_NETINET_IN_H 1
| #define HAVE_NETINET_TCP_H 1
| #define HAVE_SYS_UN_H 1
| #define HAVE_NETDB_H 1
| #define HAVE_SYS_TIME_H 1
| #define HAVE_TIME_H 1
| #define HAVE_IFADDRS_H 1
| #define HAVE_ARPA_INET_H 1
| #define HAVE_ERRNO_H 1
| #define HAVE_POLL_H 1
| #define HAVE_FCNTL_H 1
| #define HAVE_NETDB_H 1
| #define HAVE_GETTIMEOFDAY 1
| #define HAVE_TIME 1
| #define HAVE_STRDUP 1
| #define HAVE_SIGACTION 1
| #define HAVE_SIGNAL 1
| #define HAVE_USLEEP 1
| #define HAVE_UNSETENV 1
| #define HAVE_STRERROR 1
| #define HAVE_STRSIGNAL 1
| #define HAVE_STAT 1
| #define HAVE_GETIFADDRS 1
| #define HAVE_FCNTL 1
| #define HAVE_ALARM 1
| #define HAVE_ISATTY 1
| #define HAVE_INET_NTOP 1
| #define MANUAL_EXTERN_ENVIRON 1
| #define HAVE_EXTERN_ENVIRON 1
| #define HAVE_BSS_EXTERNAL 1
| #define HAVE_BSS_PERSIST 1
| #define HYDRA_DEFAULT_LAUNCHER "ssh"
| #define HYDRA_AVAILABLE_LAUNCHERS " ssh rsh fork slurm ll lsf sge manual persist"
| #define HYDRA_DEFAULT_RMK "user"
| #define HYDRA_AVAILABLE_RMKS " user slurm ll lsf sge pbs"
| #define HYDRA_AVAILABLE_TOPOLIBS ""
| #define HYDRA_DEFAULT_TOPOLIB NULL
| #define HAVE_PTHREAD_H 1
| #define HAVE_PTHREADS 1
| #define HYDRA_AVAILABLE_CKPOINTLIBS ""
| #define HYDRA_DEFAULT_CKPOINTLIB NULL
| #define HAVE_POLL 1
| #define HAVE_SELECT 1
| #define HYDRA_AVAILABLE_DEMUXES " poll select"
| #define HYDRA_DEFAULT_DEMUX "poll"
| #define HAVE_ERROR_CHECKING 1
| #define ENABLE_PROFILING 1
| /* end confdefs.h.  */
| #include <libftb.h>
configure:15038: result: no
configure:15038: checking for libftb.h
configure:15038: result: no
configure:15046: checking for FTB_Connect in -lftb
configure:15071: gcc -o conftest   -g   -lnsl conftest.c -lftb  -lpthread  >&5
/usr/bin/ld: cannot find -lftb
collect2: error: ld returned 1 exit status
configure:15071: $? = 1
configure: failed program was:
| /* confdefs.h */
| #define PACKAGE_NAME "Hydra"
| #define PACKAGE_TARNAME "hydra"
| #define PACKAGE_VERSION "0"
| #define PACKAGE_STRING "Hydra 0"
| #define PACKAGE_BUGREPORT ""
| #define PACKAGE_URL ""
| #define PACKAGE "hydra"
| #define VERSION "0"
| #define restrict __restrict
| #define STDC_HEADERS 1
| #define HAVE_SYS_TYPES_H 1
| #define HAVE_SYS_STAT_H 1
| #define HAVE_STDLIB_H 1
| #define HAVE_STRING_H 1
| #define HAVE_MEMORY_H 1
| #define HAVE_STRINGS_H 1
| #define HAVE_INTTYPES_H 1
| #define HAVE_STDINT_H 1
| #define HAVE_UNISTD_H 1
| #define SIZEOF_UNSIGNED_LONG 8
| #define HAVE_DLFCN_H 1
| #define LT_OBJDIR ".libs/"
| #define HAVE_MACRO_VA_ARGS 1
| #define HAVE_GCC_ATTRIBUTE 1
| #define HAVE__FUNC__ /**/
| #define HAVE__FUNCTION__ /**/
| #define HYDRA_VERSION "1.4.1p1"
| #define HYDRA_RELEASE_DATE "Thu Sep  1 13:53:02 CDT 2011"
| #define HYDRA_CC "gcc     "
| #define HYDRA_CXX ""
| #define HYDRA_F77 ""
| #define HYDRA_F90 ""
| #define HYDRA_CONFIGURE_ARGS_CLEAN "'--disable-option-checking' '--prefix=/opt/hpctools' '--enable-transport-ib' '--enable-zeromrs' '--enable-me-triggered' '--cache-file=/dev/null' '--srcdir=.'"
| #define HAVE_UNISTD_H 1
| #define HAVE_STDLIB_H 1
| #define HAVE_STRING_H 1
| #define HAVE_STRINGS_H 1
| #define HAVE_STDARG_H 1
| #define HAVE_SYS_TYPES_H 1
| #define HAVE_SYS_SOCKET_H 1
| #define HAVE_SCHED_H 1
| #define HAVE_SYS_STAT_H 1
| #define HAVE_SYS_PARAM_H 1
| #define HAVE_NETINET_IN_H 1
| #define HAVE_NETINET_TCP_H 1
| #define HAVE_SYS_UN_H 1
| #define HAVE_NETDB_H 1
| #define HAVE_SYS_TIME_H 1
| #define HAVE_TIME_H 1
| #define HAVE_IFADDRS_H 1
| #define HAVE_ARPA_INET_H 1
| #define HAVE_ERRNO_H 1
| #define HAVE_POLL_H 1
| #define HAVE_FCNTL_H 1
| #define HAVE_NETDB_H 1
| #define HAVE_GETTIMEOFDAY 1
| #define HAVE_TIME 1
| #define HAVE_STRDUP 1
| #define HAVE_SIGACTION 1
| #define HAVE_SIGNAL 1
| #define HAVE_USLEEP 1
| #define HAVE_UNSETENV 1
| #define HAVE_STRERROR 1
| #define HAVE_STRSIGNAL 1
| #define HAVE_STAT 1
| #define HAVE_GETIFADDRS 1
| #define HAVE_FCNTL 1
| #define HAVE_ALARM 1
| #define HAVE_ISATTY 1
| #define HAVE_INET_NTOP 1
| #define MANUAL_EXTERN_ENVIRON 1
| #define HAVE_EXTERN_ENVIRON 1
| #define HAVE_BSS_EXTERNAL 1
| #define HAVE_BSS_PERSIST 1
| #define HYDRA_DEFAULT_LAUNCHER "ssh"
| #define HYDRA_AVAILABLE_LAUNCHERS " ssh rsh fork slurm ll lsf sge manual persist"
| #define HYDRA_DEFAULT_RMK "user"
| #define HYDRA_AVAILABLE_RMKS " user slurm ll lsf sge pbs"
| #define HYDRA_AVAILABLE_TOPOLIBS ""
| #define HYDRA_DEFAULT_TOPOLIB NULL
| #define HAVE_PTHREAD_H 1
| #define HAVE_PTHREADS 1
| #define HYDRA_AVAILABLE_CKPOINTLIBS ""
| #define HYDRA_DEFAULT_CKPOINTLIB NULL
| #define HAVE_POLL 1
| #define HAVE_SELECT 1
| #define HYDRA_AVAILABLE_DEMUXES " poll select"
| #define HYDRA_DEFAULT_DEMUX "poll"
| #define HAVE_ERROR_CHECKING 1
| #define ENABLE_PROFILING 1
| /* end confdefs.h.  */
| 
| /* Override any GCC internal prototype to avoid an error.
|    Use char because int might match the return type of a GCC
|    builtin and then its argument prototype would still apply.  */
| #ifdef __cplusplus
| extern "C"
| #endif
| char FTB_Connect ();
| int
| main ()
| {
| return FTB_Connect ();
|   ;
|   return 0;
| }
configure:15080: result: no
configure:15130: checking for strsignal
configure:15130: result: yes
configure:15141: checking whether strsignal needs a declaration
configure:15159: gcc -c   -g  conftest.c >&5
conftest.c:95:5: error: conflicting types for 'strsignal'
 int strsignal(double, int, double, const char *);
     ^
In file included from conftest.c:94:0:
/usr/include/string.h:564:14: note: previous declaration of 'strsignal' was here
 extern char *strsignal (int __sig) __THROW;
              ^
configure:15159: $? = 1
configure: failed program was:
| /* confdefs.h */
| #define PACKAGE_NAME "Hydra"
| #define PACKAGE_TARNAME "hydra"
| #define PACKAGE_VERSION "0"
| #define PACKAGE_STRING "Hydra 0"
| #define PACKAGE_BUGREPORT ""
| #define PACKAGE_URL ""
| #define PACKAGE "hydra"
| #define VERSION "0"
| #define restrict __restrict
| #define STDC_HEADERS 1
| #define HAVE_SYS_TYPES_H 1
| #define HAVE_SYS_STAT_H 1
| #define HAVE_STDLIB_H 1
| #define HAVE_STRING_H 1
| #define HAVE_MEMORY_H 1
| #define HAVE_STRINGS_H 1
| #define HAVE_INTTYPES_H 1
| #define HAVE_STDINT_H 1
| #define HAVE_UNISTD_H 1
| #define SIZEOF_UNSIGNED_LONG 8
| #define HAVE_DLFCN_H 1
| #define LT_OBJDIR ".libs/"
| #define HAVE_MACRO_VA_ARGS 1
| #define HAVE_GCC_ATTRIBUTE 1
| #define HAVE__FUNC__ /**/
| #define HAVE__FUNCTION__ /**/
| #define HYDRA_VERSION "1.4.1p1"
| #define HYDRA_RELEASE_DATE "Thu Sep  1 13:53:02 CDT 2011"
| #define HYDRA_CC "gcc     "
| #define HYDRA_CXX ""
| #define HYDRA_F77 ""
| #define HYDRA_F90 ""
| #define HYDRA_CONFIGURE_ARGS_CLEAN "'--disable-option-checking' '--prefix=/opt/hpctools' '--enable-transport-ib' '--enable-zeromrs' '--enable-me-triggered' '--cache-file=/dev/null' '--srcdir=.'"
| #define HAVE_UNISTD_H 1
| #define HAVE_STDLIB_H 1
| #define HAVE_STRING_H 1
| #define HAVE_STRINGS_H 1
| #define HAVE_STDARG_H 1
| #define HAVE_SYS_TYPES_H 1
| #define HAVE_SYS_SOCKET_H 1
| #define HAVE_SCHED_H 1
| #define HAVE_SYS_STAT_H 1
| #define HAVE_SYS_PARAM_H 1
| #define HAVE_NETINET_IN_H 1
| #define HAVE_NETINET_TCP_H 1
| #define HAVE_SYS_UN_H 1
| #define HAVE_NETDB_H 1
| #define HAVE_SYS_TIME_H 1
| #define HAVE_TIME_H 1
| #define HAVE_IFADDRS_H 1
| #define HAVE_ARPA_INET_H 1
| #define HAVE_ERRNO_H 1
| #define HAVE_POLL_H 1
| #define HAVE_FCNTL_H 1
| #define HAVE_NETDB_H 1
| #define HAVE_GETTIMEOFDAY 1
| #define HAVE_TIME 1
| #define HAVE_STRDUP 1
| #define HAVE_SIGACTION 1
| #define HAVE_SIGNAL 1
| #define HAVE_USLEEP 1
| #define HAVE_UNSETENV 1
| #define HAVE_STRERROR 1
| #define HAVE_STRSIGNAL 1
| #define HAVE_STAT 1
| #define HAVE_GETIFADDRS 1
| #define HAVE_FCNTL 1
| #define HAVE_ALARM 1
| #define HAVE_ISATTY 1
| #define HAVE_INET_NTOP 1
| #define MANUAL_EXTERN_ENVIRON 1
| #define HAVE_EXTERN_ENVIRON 1
| #define HAVE_BSS_EXTERNAL 1
| #define HAVE_BSS_PERSIST 1
| #define HYDRA_DEFAULT_LAUNCHER "ssh"
| #define HYDRA_AVAILABLE_LAUNCHERS " ssh rsh fork slurm ll lsf sge manual persist"
| #define HYDRA_DEFAULT_RMK "user"
| #define HYDRA_AVAILABLE_RMKS " user slurm ll lsf sge pbs"
| #define HYDRA_AVAILABLE_TOPOLIBS ""
| #define HYDRA_DEFAULT_TOPOLIB NULL
| #define HAVE_PTHREAD_H 1
| #define HAVE_PTHREADS 1
| #define HYDRA_AVAILABLE_CKPOINTLIBS ""
| #define HYDRA_DEFAULT_CKPOINTLIB NULL
| #define HAVE_POLL 1
| #define HAVE_SELECT 1
| #define HYDRA_AVAILABLE_DEMUXES " poll select"
| #define HYDRA_DEFAULT_DEMUX "poll"
| #define HAVE_ERROR_CHECKING 1
| #define ENABLE_PROFILING 1
| #define HAVE_STRSIGNAL 1
| /* end confdefs.h.  */
| #include <string.h>
| int strsignal(double, int, double, const char *);
| int
| main ()
| {
| int a=strsignal(1.0,27,1.0,"foo");
|   ;
|   return 0;
| }
configure:15166: result: no
configure:15182: checking for sigaction
configure:15182: result: yes
configure:15182: checking for signal
configure:15182: result: yes
configure:15182: checking for sigset
configure:15182: gcc -o conftest   -g   -lnsl conftest.c -lpthread  >&5
configure:15182: $? = 0
configure:15182: result: yes
configure:15194: checking for struct sigaction and sa_handler
configure:15213: gcc -c   -g  conftest.c >&5
configure:15213: $? = 0
configure:15220: result: yes
configure:15279: checking for gethostname
configure:15279: gcc -o conftest   -g   -lnsl conftest.c -lpthread  >&5
configure:15279: $? = 0
configure:15279: result: yes
configure:15291: checking whether gethostname needs a declaration
configure:15309: gcc -c   -g  conftest.c >&5
conftest.c:100:5: error: conflicting types for 'gethostname'
 int gethostname(double, int, double, const char *);
     ^
In file included from conftest.c:99:0:
/usr/include/unistd.h:879:12: note: previous declaration of 'gethostname' was here
 extern int gethostname (char *__name, size_t __len) __THROW __nonnull ((1));
            ^
configure:15309: $? = 1
configure: failed program was:
| /* confdefs.h */
| #define PACKAGE_NAME "Hydra"
| #define PACKAGE_TARNAME "hydra"
| #define PACKAGE_VERSION "0"
| #define PACKAGE_STRING "Hydra 0"
| #define PACKAGE_BUGREPORT ""
| #define PACKAGE_URL ""
| #define PACKAGE "hydra"
| #define VERSION "0"
| #define restrict __restrict
| #define STDC_HEADERS 1
| #define HAVE_SYS_TYPES_H 1
| #define HAVE_SYS_STAT_H 1
| #define HAVE_STDLIB_H 1
| #define HAVE_STRING_H 1
| #define HAVE_MEMORY_H 1
| #define HAVE_STRINGS_H 1
| #define HAVE_INTTYPES_H 1
| #define HAVE_STDINT_H 1
| #define HAVE_UNISTD_H 1
| #define SIZEOF_UNSIGNED_LONG 8
| #define HAVE_DLFCN_H 1
| #define LT_OBJDIR ".libs/"
| #define HAVE_MACRO_VA_ARGS 1
| #define HAVE_GCC_ATTRIBUTE 1
| #define HAVE__FUNC__ /**/
| #define HAVE__FUNCTION__ /**/
| #define HYDRA_VERSION "1.4.1p1"
| #define HYDRA_RELEASE_DATE "Thu Sep  1 13:53:02 CDT 2011"
| #define HYDRA_CC "gcc     "
| #define HYDRA_CXX ""
| #define HYDRA_F77 ""
| #define HYDRA_F90 ""
| #define HYDRA_CONFIGURE_ARGS_CLEAN "'--disable-option-checking' '--prefix=/opt/hpctools' '--enable-transport-ib' '--enable-zeromrs' '--enable-me-triggered' '--cache-file=/dev/null' '--srcdir=.'"
| #define HAVE_UNISTD_H 1
| #define HAVE_STDLIB_H 1
| #define HAVE_STRING_H 1
| #define HAVE_STRINGS_H 1
| #define HAVE_STDARG_H 1
| #define HAVE_SYS_TYPES_H 1
| #define HAVE_SYS_SOCKET_H 1
| #define HAVE_SCHED_H 1
| #define HAVE_SYS_STAT_H 1
| #define HAVE_SYS_PARAM_H 1
| #define HAVE_NETINET_IN_H 1
| #define HAVE_NETINET_TCP_H 1
| #define HAVE_SYS_UN_H 1
| #define HAVE_NETDB_H 1
| #define HAVE_SYS_TIME_H 1
| #define HAVE_TIME_H 1
| #define HAVE_IFADDRS_H 1
| #define HAVE_ARPA_INET_H 1
| #define HAVE_ERRNO_H 1
| #define HAVE_POLL_H 1
| #define HAVE_FCNTL_H 1
| #define HAVE_NETDB_H 1
| #define HAVE_GETTIMEOFDAY 1
| #define HAVE_TIME 1
| #define HAVE_STRDUP 1
| #define HAVE_SIGACTION 1
| #define HAVE_SIGNAL 1
| #define HAVE_USLEEP 1
| #define HAVE_UNSETENV 1
| #define HAVE_STRERROR 1
| #define HAVE_STRSIGNAL 1
| #define HAVE_STAT 1
| #define HAVE_GETIFADDRS 1
| #define HAVE_FCNTL 1
| #define HAVE_ALARM 1
| #define HAVE_ISATTY 1
| #define HAVE_INET_NTOP 1
| #define MANUAL_EXTERN_ENVIRON 1
| #define HAVE_EXTERN_ENVIRON 1
| #define HAVE_BSS_EXTERNAL 1
| #define HAVE_BSS_PERSIST 1
| #define HYDRA_DEFAULT_LAUNCHER "ssh"
| #define HYDRA_AVAILABLE_LAUNCHERS " ssh rsh fork slurm ll lsf sge manual persist"
| #define HYDRA_DEFAULT_RMK "user"
| #define HYDRA_AVAILABLE_RMKS " user slurm ll lsf sge pbs"
| #define HYDRA_AVAILABLE_TOPOLIBS ""
| #define HYDRA_DEFAULT_TOPOLIB NULL
| #define HAVE_PTHREAD_H 1
| #define HAVE_PTHREADS 1
| #define HYDRA_AVAILABLE_CKPOINTLIBS ""
| #define HYDRA_DEFAULT_CKPOINTLIB NULL
| #define HAVE_POLL 1
| #define HAVE_SELECT 1
| #define HYDRA_AVAILABLE_DEMUXES " poll select"
| #define HYDRA_DEFAULT_DEMUX "poll"
| #define HAVE_ERROR_CHECKING 1
| #define ENABLE_PROFILING 1
| #define HAVE_STRSIGNAL 1
| #define HAVE_SIGACTION 1
| #define HAVE_SIGNAL 1
| #define HAVE_SIGSET 1
| #define USE_SIGACTION /**/
| #define HAVE_GETHOSTNAME 1
| /* end confdefs.h.  */
| #include <unistd.h>
| int gethostname(double, int, double, const char *);
| int
| main ()
| {
| int a=gethostname(1.0,27,1.0,"foo");
|   ;
|   return 0;
| }
configure:15316: result: no
configure:15441: checking that generated files are newer than configure
configure:15447: result: done
configure:15526: creating ./config.status

## ---------------------- ##
## Running config.status. ##
## ---------------------- ##

This file was extended by Hydra config.status 0, which was
generated by GNU Autoconf 2.69.  Invocation command line was

  CONFIG_FILES    = 
  CONFIG_HEADERS  = 
  CONFIG_LINKS    = 
  CONFIG_COMMANDS = 
  $ ./config.status 

on senna

config.status:1217: creating Makefile
config.status:1217: creating tools/bootstrap/src/bsci_init.c
config.status:1217: creating hydra-doxygen.cfg
config.status:1217: creating include/hydra_config.h
config.status:1446: executing depfiles commands
config.status:1446: executing libtool commands
configure:17818: === configuring in mpl (/home/brian/src/hpc-archive/portals4-read-only/src/runtime/hydra/mpl)
configure:17881: running /bin/bash ./configure --disable-option-checking '--prefix=/opt/hpctools'  '--enable-transport-ib' '--enable-zeromrs' '--enable-me-triggered' --cache-file=/dev/null --srcdir=.

## ---------------- ##
## Cache variables. ##
## ---------------- ##

ac_cv_build=x86_64-unknown-linux-gnu
ac_cv_c_compiler_gnu=yes
ac_cv_c_const=yes
ac_cv_c_inline=inline
ac_cv_c_restrict=__restrict
ac_cv_c_volatile=yes
ac_cv_env_CC_set=
ac_cv_env_CC_value=
ac_cv_env_CFLAGS_set=
ac_cv_env_CFLAGS_value=
ac_cv_env_CPPFLAGS_set=
ac_cv_env_CPPFLAGS_value=
ac_cv_env_CPP_set=
ac_cv_env_CPP_value=
ac_cv_env_LDFLAGS_set=
ac_cv_env_LDFLAGS_value=
ac_cv_env_LIBS_set=
ac_cv_env_LIBS_value=
ac_cv_env_build_alias_set=
ac_cv_env_build_alias_value=
ac_cv_env_host_alias_set=
ac_cv_env_host_alias_value=
ac_cv_env_target_alias_set=
ac_cv_env_target_alias_value=
ac_cv_func_alarm=yes
ac_cv_func_alloca=no
ac_cv_func_fcntl=yes
ac_cv_func_gethostname=yes
ac_cv_func_getifaddrs=yes
ac_cv_func_gettimeofday=yes
ac_cv_func_inet_ntop=yes
ac_cv_func_isatty=yes
ac_cv_func_poll=yes
ac_cv_func_select=yes
ac_cv_func_sigaction=yes
ac_cv_func_signal=yes
ac_cv_func_sigset=yes
ac_cv_func_stat=yes
ac_cv_func_strdup=yes
ac_cv_func_strerror=yes
ac_cv_func_strsignal=yes
ac_cv_func_time=yes
ac_cv_func_unsetenv=yes
ac_cv_func_usleep=yes
ac_cv_header_arpa_inet_h=yes
ac_cv_header_dlfcn_h=yes
ac_cv_header_errno_h=yes
ac_cv_header_fcntl_h=yes
ac_cv_header_ifaddrs_h=yes
ac_cv_header_inttypes_h=yes
ac_cv_header_libftb_h=no
ac_cv_header_memory_h=yes
ac_cv_header_netdb_h=yes
ac_cv_header_netinet_in_h=yes
ac_cv_header_netinet_tcp_h=yes
ac_cv_header_poll_h=yes
ac_cv_header_pthread_h=yes
ac_cv_header_sched_h=yes
ac_cv_header_stdarg_h=yes
ac_cv_header_stdc=yes
ac_cv_header_stdint_h=yes
ac_cv_header_stdlib_h=yes
ac_cv_header_string_h=yes
ac_cv_header_strings_h=yes
ac_cv_header_sys_param_h=yes
ac_cv_header_sys_socket_h=yes
ac_cv_header_sys_stat_h=yes
ac_cv_header_sys_time_h=yes
ac_cv_header_sys_types_h=yes
ac_cv_header_sys_un_h=yes
ac_cv_header_time_h=yes
ac_cv_header_tm_h=no
ac_cv_header_unistd_h=yes
ac_cv_header_windows_h=no
ac_cv_header_winsock2_h=no
ac_cv_host=x86_64-unknown-linux-gnu
ac_cv_lib_ftb_FTB_Connect=no
ac_cv_lib_nsl_gethostbyname=yes
ac_cv_lib_pthread_pthread_key_create=yes
ac_cv_lib_socket_socket=no
ac_cv_lib_torque_tm_init=no
ac_cv_objext=o
ac_cv_path_EGREP='/bin/grep -E'
ac_cv_path_FGREP='/bin/grep -F'
ac_cv_path_GREP=/bin/grep
ac_cv_path_SED=/bin/sed
ac_cv_path_install='/usr/bin/install -c'
ac_cv_path_mkdir=/bin/mkdir
ac_cv_prog_AWK=gawk
ac_cv_prog_CPP='gcc -E'
ac_cv_prog_ac_ct_AR=ar
ac_cv_prog_ac_ct_CC=gcc
ac_cv_prog_ac_ct_MANIFEST_TOOL=mt
ac_cv_prog_ac_ct_OBJDUMP=objdump
ac_cv_prog_ac_ct_RANLIB=ranlib
ac_cv_prog_ac_ct_STRIP=strip
ac_cv_prog_cc_c89=
ac_cv_prog_cc_g=yes
ac_cv_prog_make_make_set=yes
ac_cv_sizeof_unsigned_long=8
ac_cv_type_size_t=yes
am_cv_CC_dependencies_compiler_type=gcc3
am_cv_ar_interface=ar
am_cv_make_support_nested_variables=yes
am_cv_prog_cc_c_o=yes
lt_cv_ar_at_file=@
lt_cv_archive_cmds_need_lc=no
lt_cv_deplibs_check_method=pass_all
lt_cv_file_magic_cmd='$MAGIC_CMD'
lt_cv_file_magic_test_file=
lt_cv_ld_reload_flag=-r
lt_cv_nm_interface='BSD nm'
lt_cv_objdir=.libs
lt_cv_path_LD=/usr/bin/ld
lt_cv_path_NM='/usr/bin/nm -B'
lt_cv_path_mainfest_tool=no
lt_cv_prog_compiler_c_o=yes
lt_cv_prog_compiler_pic='-fPIC -DPIC'
lt_cv_prog_compiler_pic_works=yes
lt_cv_prog_compiler_rtti_exceptions=no
lt_cv_prog_compiler_static_works=yes
lt_cv_prog_gnu_ld=yes
lt_cv_sharedlib_from_linklib_cmd='printf %s\n'
lt_cv_shlibpath_overrides_runpath=no
lt_cv_sys_global_symbol_pipe='sed -n -e '\''s/^.*[	 ]\([ABCDGIRSTW][ABCDGIRSTW]*\)[	 ][	 ]*\([_A-Za-z][_A-Za-z0-9]*\)$/\1 \2 \2/p'\'' | sed '\''/ __gnu_lto/d'\'''
lt_cv_sys_global_symbol_to_c_name_address='sed -n -e '\''s/^: \([^ ]*\)[ ]*$/  {\"\1\", (void *) 0},/p'\'' -e '\''s/^[ABCDGIRSTW]* \([^ ]*\) \([^ ]*\)$/  {"\2", (void *) \&\2},/p'\'''
lt_cv_sys_global_symbol_to_c_name_address_lib_prefix='sed -n -e '\''s/^: \([^ ]*\)[ ]*$/  {\"\1\", (void *) 0},/p'\'' -e '\''s/^[ABCDGIRSTW]* \([^ ]*\) \(lib[^ ]*\)$/  {"\2", (void *) \&\2},/p'\'' -e '\''s/^[ABCDGIRSTW]* \([^ ]*\) \([^ ]*\)$/  {"lib\2", (void *) \&\2},/p'\'''
lt_cv_sys_global_symbol_to_cdecl='sed -n -e '\''s/^T .* \(.*\)$/extern int \1();/p'\'' -e '\''s/^[ABCDGIRSTW]* .* \(.*\)$/extern char \1;/p'\'''
lt_cv_sys_max_cmd_len=1572864
lt_cv_to_host_file_cmd=func_convert_file_noop
lt_cv_to_tool_file_cmd=func_convert_file_noop
pac_cv_environ_in_unistd=no
pac_cv_func_decl_gethostname=no
pac_cv_func_decl_strsignal=no
pac_cv_gnu_attr_format=yes
pac_cv_gnu_attr_pure=yes
pac_cv_have__func__=yes
pac_cv_have__function__=yes
pac_cv_have_cap__func__=no
pac_cv_manual_extern_environ=yes
pac_cv_my_conf_dir=/home/brian/src/hpc-archive/portals4-read-only/src/runtime/hydra
pac_cv_struct_sigaction_with_sa_handler=yes

## ----------------- ##
## Output variables. ##
## ----------------- ##

ACLOCAL='${SHELL} /home/brian/src/hpc-archive/portals4-read-only/src/runtime/hydra/confdb/missing aclocal-1.14'
AMDEPBACKSLASH='\'
AMDEP_FALSE='#'
AMDEP_TRUE=''
AMTAR='$${TAR-tar}'
AM_BACKSLASH='\'
AM_DEFAULT_V='$(AM_DEFAULT_VERBOSITY)'
AM_DEFAULT_VERBOSITY='0'
AM_V='$(V)'
AR='ar'
AUTOCONF='${SHELL} /home/brian/src/hpc-archive/portals4-read-only/src/runtime/hydra/confdb/missing autoconf'
AUTOHEADER='${SHELL} /home/brian/src/hpc-archive/portals4-read-only/src/runtime/hydra/confdb/missing autoheader'
AUTOMAKE='${SHELL} /home/brian/src/hpc-archive/portals4-read-only/src/runtime/hydra/confdb/missing automake-1.14'
AWK='gawk'
CC='gcc'
CCDEPMODE='depmode=gcc3'
CFLAGS='  -g'
CPP='gcc -E'
CPPFLAGS=''
CYGPATH_W='echo'
DEFS='-DHAVE_CONFIG_H'
DEPDIR='.deps'
DLLTOOL='false'
DOXYGEN=''
DSYMUTIL=''
DUMPBIN=''
ECHO_C=''
ECHO_N='-n'
ECHO_T=''
EGREP='/bin/grep -E'
EXEEXT=''
FGREP='/bin/grep -F'
GREP='/bin/grep'
HYDRA_VERSION='1.4.1p1'
HYD_status HYDT_bsci_launcher_fork_init(void);
HYD_status HYDT_bsci_launcher_ll_init(void);
HYD_status HYDT_bsci_launcher_lsf_init(void);
HYD_status HYDT_bsci_launcher_manual_init(void);
HYD_status HYDT_bsci_launcher_persist_init(void);'
HYD_status HYDT_bsci_launcher_rsh_init(void);
HYD_status HYDT_bsci_launcher_sge_init(void);
HYD_status HYDT_bsci_launcher_slurm_init(void);
HYD_status HYDT_bsci_launcher_ssh_init(void);
HYD_status HYDT_bsci_rmk_ll_init(void);
HYD_status HYDT_bsci_rmk_lsf_init(void);
HYD_status HYDT_bsci_rmk_pbs_init(void);'
HYD_status HYDT_bsci_rmk_sge_init(void);
HYD_status HYDT_bsci_rmk_slurm_init(void);
HYD_status HYDT_bsci_rmk_user_init(void);
INSTALL_DATA='${INSTALL} -m 644'
INSTALL_PROGRAM='${INSTALL}'
INSTALL_SCRIPT='${INSTALL}'
INSTALL_STRIP_PROGRAM='$(install_sh) -c -s'
LD='/usr/bin/ld -m elf_x86_64'
LDFLAGS=' -lnsl'
LIBOBJS=''
LIBS='-lpthread '
LIBTOOL='$(SHELL) $(top_builddir)/libtool'
LIPO=''
LN_S='ln -s'
LTLIBOBJS=''
MAKEINFO='${SHELL} /home/brian/src/hpc-archive/portals4-read-only/src/runtime/hydra/confdb/missing makeinfo'
MANIFEST_TOOL=':'
MKDIR_P='/bin/mkdir -p'
NM='/usr/bin/nm -B'
NMEDIT=''
OBJDUMP='objdump'
OBJEXT='o'
OTOOL64=''
OTOOL=''
PACKAGE='hydra'
PACKAGE_BUGREPORT=''
PACKAGE_NAME='Hydra'
PACKAGE_STRING='Hydra 0'
PACKAGE_TARNAME='hydra'
PACKAGE_URL=''
PACKAGE_VERSION='0'
PATH_SEPARATOR=':'
RANLIB='ranlib'
SED='/bin/sed'
SET_MAKE=''
SHELL='/bin/bash'
STRIP='strip'
VERSION='0'
ac_ct_AR='ar'
ac_ct_CC='gcc'
ac_ct_DUMPBIN=''
am__EXEEXT_FALSE=''
am__EXEEXT_TRUE='#'
am__fastdepCC_FALSE='#'
am__fastdepCC_TRUE=''
am__include='include'
am__isrc=''
am__leading_dot='.'
am__nodep='_no'
am__quote=''
am__tar='$${TAR-tar} chof - "$$tardir"'
am__untar='$${TAR-tar} xf -'
bindir='${exec_prefix}/bin'
build='x86_64-unknown-linux-gnu'
build_alias=''
build_cpu='x86_64'
build_os='linux-gnu'
build_vendor='unknown'
datadir='${datarootdir}'
datarootdir='${prefix}/share'
docdir='${datarootdir}/doc/${PACKAGE_TARNAME}'
dvidir='${docdir}'
exec_prefix='${prefix}'
host='x86_64-unknown-linux-gnu'
host_alias=''
host_cpu='x86_64'
host_os='linux-gnu'
host_vendor='unknown'
htmldir='${docdir}'
hydra_bss_external_FALSE='#'
hydra_bss_external_TRUE=''
hydra_bss_persist_FALSE='#'
hydra_bss_persist_TRUE=''
hydra_have_blcr_FALSE=''
hydra_have_blcr_TRUE='#'
hydra_have_ftb_FALSE=''
hydra_have_ftb_TRUE='#'
hydra_have_hwloc_FALSE=''
hydra_have_hwloc_TRUE='#'
hydra_have_plpa_FALSE=''
hydra_have_plpa_TRUE='#'
hydra_have_poll_FALSE='#'
hydra_have_poll_TRUE=''
hydra_have_port_FALSE=''
hydra_have_port_TRUE='#'
hydra_have_select_FALSE='#'
hydra_have_select_TRUE=''
hydra_launcher_array=' "ssh",  "rsh",  "fork",  "slurm",  "ll",  "lsf",  "sge",  "manual",  "persist",  NULL'
hydra_launcher_init_array=' HYDT_bsci_launcher_ssh_init,  HYDT_bsci_launcher_rsh_init,  HYDT_bsci_launcher_fork_init,  HYDT_bsci_launcher_slurm_init,  HYDT_bsci_launcher_ll_init,  HYDT_bsci_launcher_lsf_init,  HYDT_bsci_launcher_sge_init,  HYDT_bsci_launcher_manual_init,  HYDT_bsci_launcher_persist_init,  NULL'
hydra_launcher_init_decl='
hydra_pbs_launcher_FALSE=''
hydra_pbs_launcher_TRUE='#'
hydra_pm='pmiserv'
hydra_pm_pmiserv_FALSE='#'
hydra_pm_pmiserv_TRUE=''
hydra_rmk_array=' "user",  "slurm",  "ll",  "lsf",  "sge",  "pbs",  NULL'
hydra_rmk_init_array=' HYDT_bsci_rmk_user_init,  HYDT_bsci_rmk_slurm_init,  HYDT_bsci_rmk_ll_init,  HYDT_bsci_rmk_lsf_init,  HYDT_bsci_rmk_sge_init,  HYDT_bsci_rmk_pbs_init,  NULL'
hydra_rmk_init_decl='
hydra_ui='mpich'
hydra_ui_mpich_FALSE='#'
hydra_ui_mpich_TRUE=''
hydra_use_embedded_hwloc_FALSE=''
hydra_use_embedded_hwloc_TRUE='#'
hydra_use_embedded_plpa_FALSE=''
hydra_use_embedded_plpa_TRUE='#'
includedir='${prefix}/include'
infodir='${datarootdir}/info'
install_sh='${SHELL} /home/brian/src/hpc-archive/portals4-read-only/src/runtime/hydra/confdb/install-sh'
libdir='${exec_prefix}/lib'
libexecdir='${exec_prefix}/libexec'
localedir='${datarootdir}/locale'
localstatedir='${prefix}/var'
mandir='${datarootdir}/man'
mkdir_p='$(MKDIR_P)'
mpl_srcdir='mpl'
oldincludedir='/usr/include'
pdfdir='${docdir}'
prefix='/opt/hpctools'
program_transform_name='s,x,x,'
psdir='${docdir}'
sbindir='${exec_prefix}/sbin'
sharedstatedir='${prefix}/com'
subdirs=' mpl'
sysconfdir='${prefix}/etc'
target_alias=''
top_srcdir=''

## ----------- ##
## confdefs.h. ##
## ----------- ##

/* confdefs.h */
#define PACKAGE_NAME "Hydra"
#define PACKAGE_TARNAME "hydra"
#define PACKAGE_VERSION "0"
#define PACKAGE_STRING "Hydra 0"
#define PACKAGE_BUGREPORT ""
#define PACKAGE_URL ""
#define PACKAGE "hydra"
#define VERSION "0"
#define restrict __restrict
#define STDC_HEADERS 1
#define HAVE_SYS_TYPES_H 1
#define HAVE_SYS_STAT_H 1
#define HAVE_STDLIB_H 1
#define HAVE_STRING_H 1
#define HAVE_MEMORY_H 1
#define HAVE_STRINGS_H 1
#define HAVE_INTTYPES_H 1
#define HAVE_STDINT_H 1
#define HAVE_UNISTD_H 1
#define SIZEOF_UNSIGNED_LONG 8
#define HAVE_DLFCN_H 1
#define LT_OBJDIR ".libs/"
#define HAVE_MACRO_VA_ARGS 1
#define HAVE_GCC_ATTRIBUTE 1
#define HAVE__FUNC__ /**/
#define HAVE__FUNCTION__ /**/
#define HYDRA_VERSION "1.4.1p1"
#define HYDRA_RELEASE_DATE "Thu Sep  1 13:53:02 CDT 2011"
#define HYDRA_CC "gcc     "
#define HYDRA_CXX ""
#define HYDRA_F77 ""
#define HYDRA_F90 ""
#define HYDRA_CONFIGURE_ARGS_CLEAN "'--disable-option-checking' '--prefix=/opt/hpctools' '--enable-transport-ib' '--enable-zeromrs' '--enable-me-triggered' '--cache-file=/dev/null' '--srcdir=.'"
#define HAVE_UNISTD_H 1
#define HAVE_STDLIB_H 1
#define HAVE_STRING_H 1
#define HAVE_STRINGS_H 1
#define HAVE_STDARG_H 1
#define HAVE_SYS_TYPES_H 1
#define HAVE_SYS_SOCKET_H 1
#define HAVE_SCHED_H 1
#define HAVE_SYS_STAT_H 1
#define HAVE_SYS_PARAM_H 1
#define HAVE_NETINET_IN_H 1
#define HAVE_NETINET_TCP_H 1
#define HAVE_SYS_UN_H 1
#define HAVE_NETDB_H 1
#define HAVE_SYS_TIME_H 1
#define HAVE_TIME_H 1
#define HAVE_IFADDRS_H 1
#define HAVE_ARPA_INET_H 1
#define HAVE_ERRNO_H 1
#define HAVE_POLL_H 1
#define HAVE_FCNTL_H 1
#define HAVE_NETDB_H 1
#define HAVE_GETTIMEOFDAY 1
#define HAVE_TIME 1
#define HAVE_STRDUP 1
#define HAVE_SIGACTION 1
#define HAVE_SIGNAL 1
#define HAVE_USLEEP 1
#define HAVE_UNSETENV 1
#define HAVE_STRERROR 1
#define HAVE_STRSIGNAL 1
#define HAVE_STAT 1
#define HAVE_GETIFADDRS 1
#define HAVE_FCNTL 1
#define HAVE_ALARM 1
#define HAVE_ISATTY 1
#define HAVE_INET_NTOP 1
#define MANUAL_EXTERN_ENVIRON 1
#define HAVE_EXTERN_ENVIRON 1
#define HAVE_BSS_EXTERNAL 1
#define HAVE_BSS_PERSIST 1
#define HYDRA_DEFAULT_LAUNCHER "ssh"
#define HYDRA_AVAILABLE_LAUNCHERS " ssh rsh fork slurm ll lsf sge manual persist"
#define HYDRA_DEFAULT_RMK "user"
#define HYDRA_AVAILABLE_RMKS " user slurm ll lsf sge pbs"
#define HYDRA_AVAILABLE_TOPOLIBS ""
#define HYDRA_DEFAULT_TOPOLIB NULL
#define HAVE_PTHREAD_H 1
#define HAVE_PTHREADS 1
#define HYDRA_AVAILABLE_CKPOINTLIBS ""
#define HYDRA_DEFAULT_CKPOINTLIB NULL
#define HAVE_POLL 1
#define HAVE_SELECT 1
#define HYDRA_AVAILABLE_DEMUXES " poll select"
#define HYDRA_DEFAULT_DEMUX "poll"
#define HAVE_ERROR_CHECKING 1
#define ENABLE_PROFILING 1
#define HAVE_STRSIGNAL 1
#define HAVE_SIGACTION 1
#define HAVE_SIGNAL 1
#define HAVE_SIGSET 1
#define USE_SIGACTION /**/
#define HAVE_GETHOSTNAME 1

configure: exit 0
