This file contains any messages produced by compilers while
running configure, to aid debugging if configure makes a mistake.

It was created by MPL configure 0.1, which was
generated by GNU Autoconf 2.69.  Invocation command line was

  $ ./configure --disable-option-checking --prefix=/opt/hpctools --enable-transport-ib --enable-zeromrs --enable-me-triggered --cache-file=/dev/null --srcdir=. CFLAGS=  -g --no-create --no-recursion

## --------- ##
## Platform. ##
## --------- ##

hostname = senna
uname -m = x86_64
uname -r = 3.16.0-30-generic
uname -s = Linux
uname -v = #40~14.04.1-Ubuntu SMP Thu Jan 15 17:43:14 UTC 2015

/usr/bin/uname -p = unknown
/bin/uname -X     = unknown

/bin/arch              = unknown
/usr/bin/arch -k       = unknown
/usr/convex/getsysinfo = unknown
/usr/bin/hostinfo      = unknown
/bin/machine           = unknown
/usr/bin/oslevel       = unknown
/bin/universe          = unknown

PATH: /home/brian/bin
PATH: /opt/hpctools/bin
PATH: /opt/mvapich2/mvapich2-2.2rc1_gcc/bin
PATH: /usr/local/cuda-7.5/bin
PATH: /usr/local/sbin
PATH: /usr/local/bin
PATH: /usr/sbin
PATH: /usr/bin
PATH: /sbin
PATH: /bin
PATH: /usr/games
PATH: /usr/local/games


## ----------- ##
## Core tests. ##
## ----------- ##

configure:2250: checking for a BSD-compatible install
configure:2318: result: /usr/bin/install -c
configure:2329: checking whether build environment is sane
configure:2384: result: yes
configure:2535: checking for a thread-safe mkdir -p
configure:2574: result: /bin/mkdir -p
configure:2581: checking for gawk
configure:2597: found /usr/bin/gawk
configure:2608: result: gawk
configure:2619: checking whether make sets $(MAKE)
configure:2641: result: yes
configure:2670: checking whether make supports nested variables
configure:2687: result: yes
configure:2828: checking for style of include used by make
configure:2856: result: GNU
configure:2927: checking for gcc
configure:2943: found /usr/bin/gcc
configure:2954: result: gcc
configure:3183: checking for C compiler version
configure:3192: gcc --version >&5
gcc (Ubuntu 4.8.4-2ubuntu1~14.04.3) 4.8.4
Copyright (C) 2013 Free Software Foundation, Inc.
This is free software; see the source for copying conditions.  There is NO
warranty; not even for MERCHANTABILITY or FITNESS FOR A PARTICULAR PURPOSE.

configure:3203: $? = 0
configure:3192: gcc -v >&5
Using built-in specs.
COLLECT_GCC=gcc
COLLECT_LTO_WRAPPER=/usr/lib/gcc/x86_64-linux-gnu/4.8/lto-wrapper
Target: x86_64-linux-gnu
Configured with: ../src/configure -v --with-pkgversion='Ubuntu 4.8.4-2ubuntu1~14.04.3' --with-bugurl=file:///usr/share/doc/gcc-4.8/README.Bugs --enable-languages=c,c++,java,go,d,fortran,objc,obj-c++ --prefix=/usr --program-suffix=-4.8 --enable-shared --enable-linker-build-id --libexecdir=/usr/lib --without-included-gettext --enable-threads=posix --with-gxx-include-dir=/usr/include/c++/4.8 --libdir=/usr/lib --enable-nls --with-sysroot=/ --enable-clocale=gnu --enable-libstdcxx-debug --enable-libstdcxx-time=yes --enable-gnu-unique-object --disable-libmudflap --enable-plugin --with-system-zlib --disable-browser-plugin --enable-java-awt=gtk --enable-gtk-cairo --with-java-home=/usr/lib/jvm/java-1.5.0-gcj-4.8-amd64/jre --enable-java-home --with-jvm-root-dir=/usr/lib/jvm/java-1.5.0-gcj-4.8-amd64 --with-jvm-jar-dir=/usr/lib/jvm-exports/java-1.5.0-gcj-4.8-amd64 --with-arch-directory=amd64 --with-ecj-jar=/usr/share/java/eclipse-ecj.jar --enable-objc-gc --enable-multiarch --disable-werror --with-arch-32=i686 --with-abi=m64 --with-multilib-list=m32,m64,mx32 --with-tune=generic --enable-checking=release --build=x86_64-linux-gnu --host=x86_64-linux-gnu --target=x86_64-linux-gnu
Thread model: posix
gcc version 4.8.4 (Ubuntu 4.8.4-2ubuntu1~14.04.3) 
configure:3203: $? = 0
configure:3192: gcc -V >&5
gcc: error: unrecognized command line option '-V'
gcc: fatal error: no input files
compilation terminated.
configure:3203: $? = 4
configure:3192: gcc -qversion >&5
gcc: error: unrecognized command line option '-qversion'
gcc: fatal error: no input files
compilation terminated.
configure:3203: $? = 4
configure:3223: checking whether the C compiler works
configure:3245: gcc   -g   conftest.c  >&5
configure:3249: $? = 0
configure:3297: result: yes
configure:3300: checking for C compiler default output file name
configure:3302: result: a.out
configure:3308: checking for suffix of executables
configure:3315: gcc -o conftest   -g   conftest.c  >&5
configure:3319: $? = 0
configure:3341: result: 
configure:3363: checking whether we are cross compiling
configure:3371: gcc -o conftest   -g   conftest.c  >&5
configure:3375: $? = 0
configure:3382: ./conftest
configure:3386: $? = 0
configure:3401: result: no
configure:3406: checking for suffix of object files
configure:3428: gcc -c   -g  conftest.c >&5
configure:3432: $? = 0
configure:3453: result: o
configure:3457: checking whether we are using the GNU C compiler
configure:3476: gcc -c   -g  conftest.c >&5
configure:3476: $? = 0
configure:3485: result: yes
configure:3494: checking whether gcc accepts -g
configure:3514: gcc -c -g  conftest.c >&5
configure:3514: $? = 0
configure:3555: result: yes
configure:3572: checking for gcc option to accept ISO C89
configure:3635: gcc  -c   -g  conftest.c >&5
configure:3635: $? = 0
configure:3648: result: none needed
configure:3673: checking whether gcc understands -c and -o together
configure:3695: gcc -c conftest.c -o conftest2.o
configure:3698: $? = 0
configure:3695: gcc -c conftest.c -o conftest2.o
configure:3698: $? = 0
configure:3710: result: yes
configure:3729: checking dependency style of gcc
configure:3840: result: gcc3
configure:3905: checking for ar
configure:3921: found /usr/bin/ar
configure:3932: result: ar
configure:3958: checking the archiver (ar) interface
configure:3974: gcc -c   -g  conftest.c >&5
configure:3974: $? = 0
configure:3976: ar cru libconftest.a conftest.o >&5
configure:3979: $? = 0
configure:4007: result: ar
configure:4059: checking build system type
configure:4073: result: x86_64-unknown-linux-gnu
configure:4093: checking host system type
configure:4106: result: x86_64-unknown-linux-gnu
configure:4147: checking how to print strings
configure:4174: result: printf
configure:4195: checking for a sed that does not truncate output
configure:4259: result: /bin/sed
configure:4277: checking for grep that handles long lines and -e
configure:4335: result: /bin/grep
configure:4340: checking for egrep
configure:4402: result: /bin/grep -E
configure:4407: checking for fgrep
configure:4469: result: /bin/grep -F
configure:4504: checking for ld used by gcc
configure:4571: result: /usr/bin/ld
configure:4578: checking if the linker (/usr/bin/ld) is GNU ld
configure:4593: result: yes
configure:4605: checking for BSD- or MS-compatible name lister (nm)
configure:4654: result: /usr/bin/nm -B
configure:4784: checking the name lister (/usr/bin/nm -B) interface
configure:4791: gcc -c   -g  conftest.c >&5
configure:4794: /usr/bin/nm -B "conftest.o"
configure:4797: output
0000000000000000 B some_variable
configure:4804: result: BSD nm
configure:4807: checking whether ln -s works
configure:4811: result: yes
configure:4819: checking the maximum length of command line arguments
configure:4950: result: 3458764513820540925
configure:4967: checking whether the shell understands some XSI constructs
configure:4977: result: yes
configure:4981: checking whether the shell understands "+="
configure:4987: result: yes
configure:5022: checking how to convert x86_64-unknown-linux-gnu file names to x86_64-unknown-linux-gnu format
configure:5062: result: func_convert_file_noop
configure:5069: checking how to convert x86_64-unknown-linux-gnu file names to toolchain format
configure:5089: result: func_convert_file_noop
configure:5096: checking for /usr/bin/ld option to reload object files
configure:5103: result: -r
configure:5177: checking for objdump
configure:5193: found /usr/bin/objdump
configure:5204: result: objdump
configure:5236: checking how to recognize dependent libraries
configure:5434: result: pass_all
configure:5519: checking for dlltool
configure:5549: result: no
configure:5579: checking how to associate runtime and link libraries
configure:5606: result: printf %s\n
configure:5730: checking for archiver @FILE support
configure:5747: gcc -c   -g  conftest.c >&5
configure:5747: $? = 0
configure:5750: ar cru libconftest.a @conftest.lst >&5
configure:5753: $? = 0
configure:5758: ar cru libconftest.a @conftest.lst >&5
ar: conftest.o: No such file or directory
configure:5761: $? = 1
configure:5773: result: @
configure:5831: checking for strip
configure:5847: found /usr/bin/strip
configure:5858: result: strip
configure:5930: checking for ranlib
configure:5946: found /usr/bin/ranlib
configure:5957: result: ranlib
configure:6059: checking command to parse /usr/bin/nm -B output from gcc object
configure:6179: gcc -c   -g  conftest.c >&5
configure:6182: $? = 0
configure:6186: /usr/bin/nm -B conftest.o \| sed -n -e 's/^.*[ ]\([ABCDGIRSTW][ABCDGIRSTW]*\)[ ][ ]*\([_A-Za-z][_A-Za-z0-9]*\)$/\1 \2 \2/p' | sed '/ __gnu_lto/d' \> conftest.nm
configure:6189: $? = 0
configure:6255: gcc -o conftest   -g   conftest.c conftstm.o >&5
configure:6258: $? = 0
configure:6296: result: ok
configure:6333: checking for sysroot
configure:6363: result: no
configure:6440: gcc -c   -g  conftest.c >&5
configure:6443: $? = 0
configure:6632: checking for mt
configure:6648: found /bin/mt
configure:6659: result: mt
configure:6682: checking if mt is a manifest tool
configure:6688: mt '-?'
configure:6696: result: no
configure:7338: checking how to run the C preprocessor
configure:7369: gcc -E  conftest.c
configure:7369: $? = 0
configure:7383: gcc -E  conftest.c
conftest.c:11:28: fatal error: ac_nonexistent.h: No such file or directory
 #include <ac_nonexistent.h>
                            ^
compilation terminated.
configure:7383: $? = 1
configure: failed program was:
| /* confdefs.h */
| #define PACKAGE_NAME "MPL"
| #define PACKAGE_TARNAME "mpl"
| #define PACKAGE_VERSION "0.1"
| #define PACKAGE_STRING "MPL 0.1"
| #define PACKAGE_BUGREPORT ""
| #define PACKAGE_URL ""
| #define PACKAGE "mpl"
| #define VERSION "0.1"
| /* end confdefs.h.  */
| #include <ac_nonexistent.h>
configure:7408: result: gcc -E
configure:7428: gcc -E  conftest.c
configure:7428: $? = 0
configure:7442: gcc -E  conftest.c
conftest.c:11:28: fatal error: ac_nonexistent.h: No such file or directory
 #include <ac_nonexistent.h>
                            ^
compilation terminated.
configure:7442: $? = 1
configure: failed program was:
| /* confdefs.h */
| #define PACKAGE_NAME "MPL"
| #define PACKAGE_TARNAME "mpl"
| #define PACKAGE_VERSION "0.1"
| #define PACKAGE_STRING "MPL 0.1"
| #define PACKAGE_BUGREPORT ""
| #define PACKAGE_URL ""
| #define PACKAGE "mpl"
| #define VERSION "0.1"
| /* end confdefs.h.  */
| #include <ac_nonexistent.h>
configure:7471: checking for ANSI C header files
configure:7491: gcc -c   -g  conftest.c >&5
configure:7491: $? = 0
configure:7564: gcc -o conftest   -g   conftest.c  >&5
configure:7564: $? = 0
configure:7564: ./conftest
configure:7564: $? = 0
configure:7575: result: yes
configure:7588: checking for sys/types.h
configure:7588: gcc -c   -g  conftest.c >&5
configure:7588: $? = 0
configure:7588: result: yes
configure:7588: checking for sys/stat.h
configure:7588: gcc -c   -g  conftest.c >&5
configure:7588: $? = 0
configure:7588: result: yes
configure:7588: checking for stdlib.h
configure:7588: gcc -c   -g  conftest.c >&5
configure:7588: $? = 0
configure:7588: result: yes
configure:7588: checking for string.h
configure:7588: gcc -c   -g  conftest.c >&5
configure:7588: $? = 0
configure:7588: result: yes
configure:7588: checking for memory.h
configure:7588: gcc -c   -g  conftest.c >&5
configure:7588: $? = 0
configure:7588: result: yes
configure:7588: checking for strings.h
configure:7588: gcc -c   -g  conftest.c >&5
configure:7588: $? = 0
configure:7588: result: yes
configure:7588: checking for inttypes.h
configure:7588: gcc -c   -g  conftest.c >&5
configure:7588: $? = 0
configure:7588: result: yes
configure:7588: checking for stdint.h
configure:7588: gcc -c   -g  conftest.c >&5
configure:7588: $? = 0
configure:7588: result: yes
configure:7588: checking for unistd.h
configure:7588: gcc -c   -g  conftest.c >&5
configure:7588: $? = 0
configure:7588: result: yes
configure:7602: checking for dlfcn.h
configure:7602: gcc -c   -g  conftest.c >&5
configure:7602: $? = 0
configure:7602: result: yes
configure:7807: checking for objdir
configure:7822: result: .libs
configure:8093: checking if gcc supports -fno-rtti -fno-exceptions
configure:8111: gcc -c   -g  -fno-rtti -fno-exceptions conftest.c >&5
cc1: warning: command line option '-fno-rtti' is valid for C++/ObjC++ but not for C [enabled by default]
configure:8115: $? = 0
configure:8128: result: no
configure:8455: checking for gcc option to produce PIC
configure:8462: result: -fPIC -DPIC
configure:8470: checking if gcc PIC flag -fPIC -DPIC works
configure:8488: gcc -c   -g  -fPIC -DPIC -DPIC conftest.c >&5
configure:8492: $? = 0
configure:8505: result: yes
configure:8534: checking if gcc static flag -static works
configure:8562: result: yes
configure:8577: checking if gcc supports -c -o file.o
configure:8598: gcc -c   -g  -o out/conftest2.o conftest.c >&5
configure:8602: $? = 0
configure:8624: result: yes
configure:8632: checking if gcc supports -c -o file.o
configure:8679: result: yes
configure:8712: checking whether the gcc linker (/usr/bin/ld -m elf_x86_64) supports shared libraries
configure:9869: result: yes
configure:10109: checking dynamic linker characteristics
configure:10609: gcc -o conftest   -g   -Wl,-rpath -Wl,/foo conftest.c  >&5
configure:10609: $? = 0
configure:10843: result: GNU/Linux ld.so
configure:10950: checking how to hardcode library paths into programs
configure:10975: result: immediate
configure:11515: checking whether stripping libraries is possible
configure:11520: result: yes
configure:11555: checking if libtool supports shared libraries
configure:11557: result: yes
configure:11560: checking whether to build shared libraries
configure:11581: result: no
configure:11584: checking whether to build static libraries
configure:11588: result: yes
configure:11651: checking whether make supports nested variables
configure:11668: result: yes
configure:11800: checking for C compiler version
configure:11809: gcc --version >&5
gcc (Ubuntu 4.8.4-2ubuntu1~14.04.3) 4.8.4
Copyright (C) 2013 Free Software Foundation, Inc.
This is free software; see the source for copying conditions.  There is NO
warranty; not even for MERCHANTABILITY or FITNESS FOR A PARTICULAR PURPOSE.

configure:11820: $? = 0
configure:11809: gcc -v >&5
Using built-in specs.
COLLECT_GCC=gcc
COLLECT_LTO_WRAPPER=/usr/lib/gcc/x86_64-linux-gnu/4.8/lto-wrapper
Target: x86_64-linux-gnu
Configured with: ../src/configure -v --with-pkgversion='Ubuntu 4.8.4-2ubuntu1~14.04.3' --with-bugurl=file:///usr/share/doc/gcc-4.8/README.Bugs --enable-languages=c,c++,java,go,d,fortran,objc,obj-c++ --prefix=/usr --program-suffix=-4.8 --enable-shared --enable-linker-build-id --libexecdir=/usr/lib --without-included-gettext --enable-threads=posix --with-gxx-include-dir=/usr/include/c++/4.8 --libdir=/usr/lib --enable-nls --with-sysroot=/ --enable-clocale=gnu --enable-libstdcxx-debug --enable-libstdcxx-time=yes --enable-gnu-unique-object --disable-libmudflap --enable-plugin --with-system-zlib --disable-browser-plugin --enable-java-awt=gtk --enable-gtk-cairo --with-java-home=/usr/lib/jvm/java-1.5.0-gcj-4.8-amd64/jre --enable-java-home --with-jvm-root-dir=/usr/lib/jvm/java-1.5.0-gcj-4.8-amd64 --with-jvm-jar-dir=/usr/lib/jvm-exports/java-1.5.0-gcj-4.8-amd64 --with-arch-directory=amd64 --with-ecj-jar=/usr/share/java/eclipse-ecj.jar --enable-objc-gc --enable-multiarch --disable-werror --with-arch-32=i686 --with-abi=m64 --with-multilib-list=m32,m64,mx32 --with-tune=generic --enable-checking=release --build=x86_64-linux-gnu --host=x86_64-linux-gnu --target=x86_64-linux-gnu
Thread model: posix
gcc version 4.8.4 (Ubuntu 4.8.4-2ubuntu1~14.04.3) 
configure:11820: $? = 0
configure:11809: gcc -V >&5
gcc: error: unrecognized command line option '-V'
gcc: fatal error: no input files
compilation terminated.
configure:11820: $? = 4
configure:11809: gcc -qversion >&5
gcc: error: unrecognized command line option '-qversion'
gcc: fatal error: no input files
compilation terminated.
configure:11820: $? = 4
configure:11824: checking whether we are using the GNU C compiler
configure:11852: result: yes
configure:11861: checking whether gcc accepts -g
configure:11922: result: yes
configure:11939: checking for gcc option to accept ISO C89
configure:12015: result: none needed
configure:12040: checking whether gcc understands -c and -o together
configure:12077: result: yes
configure:12096: checking dependency style of gcc
configure:12207: result: gcc3
configure:12228: checking for an ANSI C-conforming const
configure:12294: gcc -c   -g  conftest.c >&5
configure:12294: $? = 0
configure:12301: result: yes
configure:12309: checking for C/C++ restrict keyword
configure:12334: gcc -c   -g  conftest.c >&5
configure:12334: $? = 0
configure:12342: result: __restrict
configure:12357: checking for variable argument list macro functionality
configure:12373: gcc -o conftest   -g   conftest.c  >&5
configure:12373: $? = 0
configure:12377: result: yes
configure:12390: checking stdio.h usability
configure:12390: gcc -c   -g  conftest.c >&5
configure:12390: $? = 0
configure:12390: result: yes
configure:12390: checking stdio.h presence
configure:12390: gcc -E  conftest.c
configure:12390: $? = 0
configure:12390: result: yes
configure:12390: checking for stdio.h
configure:12390: result: yes
configure:12390: checking for stdlib.h
configure:12390: result: yes
configure:12390: checking for string.h
configure:12390: result: yes
configure:12390: checking stdarg.h usability
configure:12390: gcc -c   -g  conftest.c >&5
configure:12390: $? = 0
configure:12390: result: yes
configure:12390: checking stdarg.h presence
configure:12390: gcc -E  conftest.c
configure:12390: $? = 0
configure:12390: result: yes
configure:12390: checking for stdarg.h
configure:12390: result: yes
configure:12390: checking ctype.h usability
configure:12390: gcc -c   -g  conftest.c >&5
configure:12390: $? = 0
configure:12390: result: yes
configure:12390: checking ctype.h presence
configure:12390: gcc -E  conftest.c
configure:12390: $? = 0
configure:12390: result: yes
configure:12390: checking for ctype.h
configure:12390: result: yes
configure:12405: checking for inttypes.h
configure:12405: result: yes
configure:12405: checking for stdint.h
configure:12405: result: yes
configure:12447: checking valgrind.h usability
configure:12447: gcc -c   -g  conftest.c >&5
conftest.c:65:22: fatal error: valgrind.h: No such file or directory
 #include <valgrind.h>
                      ^
compilation terminated.
configure:12447: $? = 1
configure: failed program was:
| /* confdefs.h */
| #define PACKAGE_NAME "MPL"
| #define PACKAGE_TARNAME "mpl"
| #define PACKAGE_VERSION "0.1"
| #define PACKAGE_STRING "MPL 0.1"
| #define PACKAGE_BUGREPORT ""
| #define PACKAGE_URL ""
| #define PACKAGE "mpl"
| #define VERSION "0.1"
| #define STDC_HEADERS 1
| #define HAVE_SYS_TYPES_H 1
| #define HAVE_SYS_STAT_H 1
| #define HAVE_STDLIB_H 1
| #define HAVE_STRING_H 1
| #define HAVE_MEMORY_H 1
| #define HAVE_STRINGS_H 1
| #define HAVE_INTTYPES_H 1
| #define HAVE_STDINT_H 1
| #define HAVE_UNISTD_H 1
| #define HAVE_DLFCN_H 1
| #define LT_OBJDIR ".libs/"
| #define restrict __restrict
| #define HAVE_MACRO_VA_ARGS 1
| #define HAVE_STDIO_H 1
| #define HAVE_STDLIB_H 1
| #define HAVE_STRING_H 1
| #define HAVE_STDARG_H 1
| #define HAVE_CTYPE_H 1
| #define HAVE_INTTYPES_H 1
| #define HAVE_STDINT_H 1
| /* end confdefs.h.  */
| #include <stdio.h>
| #ifdef HAVE_SYS_TYPES_H
| # include <sys/types.h>
| #endif
| #ifdef HAVE_SYS_STAT_H
| # include <sys/stat.h>
| #endif
| #ifdef STDC_HEADERS
| # include <stdlib.h>
| # include <stddef.h>
| #else
| # ifdef HAVE_STDLIB_H
| #  include <stdlib.h>
| # endif
| #endif
| #ifdef HAVE_STRING_H
| # if !defined STDC_HEADERS && defined HAVE_MEMORY_H
| #  include <memory.h>
| # endif
| # include <string.h>
| #endif
| #ifdef HAVE_STRINGS_H
| # include <strings.h>
| #endif
| #ifdef HAVE_INTTYPES_H
| # include <inttypes.h>
| #endif
| #ifdef HAVE_STDINT_H
| # include <stdint.h>
| #endif
| #ifdef HAVE_UNISTD_H
| # include <unistd.h>
| #endif
| #include <valgrind.h>
configure:12447: result: no
configure:12447: checking valgrind.h presence
configure:12447: gcc -E  conftest.c
conftest.c:32:22: fatal error: valgrind.h: No such file or directory
 #include <valgrind.h>
                      ^
compilation terminated.
configure:12447: $? = 1
configure: failed program was:
| /* confdefs.h */
| #define PACKAGE_NAME "MPL"
| #define PACKAGE_TARNAME "mpl"
| #define PACKAGE_VERSION "0.1"
| #define PACKAGE_STRING "MPL 0.1"
| #define PACKAGE_BUGREPORT ""
| #define PACKAGE_URL ""
| #define PACKAGE "mpl"
| #define VERSION "0.1"
| #define STDC_HEADERS 1
| #define HAVE_SYS_TYPES_H 1
| #define HAVE_SYS_STAT_H 1
| #define HAVE_STDLIB_H 1
| #define HAVE_STRING_H 1
| #define HAVE_MEMORY_H 1
| #define HAVE_STRINGS_H 1
| #define HAVE_INTTYPES_H 1
| #define HAVE_STDINT_H 1
| #define HAVE_UNISTD_H 1
| #define HAVE_DLFCN_H 1
| #define LT_OBJDIR ".libs/"
| #define restrict __restrict
| #define HAVE_MACRO_VA_ARGS 1
| #define HAVE_STDIO_H 1
| #define HAVE_STDLIB_H 1
| #define HAVE_STRING_H 1
| #define HAVE_STDARG_H 1
| #define HAVE_CTYPE_H 1
| #define HAVE_INTTYPES_H 1
| #define HAVE_STDINT_H 1
| /* end confdefs.h.  */
| #include <valgrind.h>
configure:12447: result: no
configure:12447: checking for valgrind.h
configure:12447: result: no
configure:12447: checking memcheck.h usability
configure:12447: gcc -c   -g  conftest.c >&5
conftest.c:65:22: fatal error: memcheck.h: No such file or directory
 #include <memcheck.h>
                      ^
compilation terminated.
configure:12447: $? = 1
configure: failed program was:
| /* confdefs.h */
| #define PACKAGE_NAME "MPL"
| #define PACKAGE_TARNAME "mpl"
| #define PACKAGE_VERSION "0.1"
| #define PACKAGE_STRING "MPL 0.1"
| #define PACKAGE_BUGREPORT ""
| #define PACKAGE_URL ""
| #define PACKAGE "mpl"
| #define VERSION "0.1"
| #define STDC_HEADERS 1
| #define HAVE_SYS_TYPES_H 1
| #define HAVE_SYS_STAT_H 1
| #define HAVE_STDLIB_H 1
| #define HAVE_STRING_H 1
| #define HAVE_MEMORY_H 1
| #define HAVE_STRINGS_H 1
| #define HAVE_INTTYPES_H 1
| #define HAVE_STDINT_H 1
| #define HAVE_UNISTD_H 1
| #define HAVE_DLFCN_H 1
| #define LT_OBJDIR ".libs/"
| #define restrict __restrict
| #define HAVE_MACRO_VA_ARGS 1
| #define HAVE_STDIO_H 1
| #define HAVE_STDLIB_H 1
| #define HAVE_STRING_H 1
| #define HAVE_STDARG_H 1
| #define HAVE_CTYPE_H 1
| #define HAVE_INTTYPES_H 1
| #define HAVE_STDINT_H 1
| /* end confdefs.h.  */
| #include <stdio.h>
| #ifdef HAVE_SYS_TYPES_H
| # include <sys/types.h>
| #endif
| #ifdef HAVE_SYS_STAT_H
| # include <sys/stat.h>
| #endif
| #ifdef STDC_HEADERS
| # include <stdlib.h>
| # include <stddef.h>
| #else
| # ifdef HAVE_STDLIB_H
| #  include <stdlib.h>
| # endif
| #endif
| #ifdef HAVE_STRING_H
| # if !defined STDC_HEADERS && defined HAVE_MEMORY_H
| #  include <memory.h>
| # endif
| # include <string.h>
| #endif
| #ifdef HAVE_STRINGS_H
| # include <strings.h>
| #endif
| #ifdef HAVE_INTTYPES_H
| # include <inttypes.h>
| #endif
| #ifdef HAVE_STDINT_H
| # include <stdint.h>
| #endif
| #ifdef HAVE_UNISTD_H
| # include <unistd.h>
| #endif
| #include <memcheck.h>
configure:12447: result: no
configure:12447: checking memcheck.h presence
configure:12447: gcc -E  conftest.c
conftest.c:32:22: fatal error: memcheck.h: No such file or directory
 #include <memcheck.h>
                      ^
compilation terminated.
configure:12447: $? = 1
configure: failed program was:
| /* confdefs.h */
| #define PACKAGE_NAME "MPL"
| #define PACKAGE_TARNAME "mpl"
| #define PACKAGE_VERSION "0.1"
| #define PACKAGE_STRING "MPL 0.1"
| #define PACKAGE_BUGREPORT ""
| #define PACKAGE_URL ""
| #define PACKAGE "mpl"
| #define VERSION "0.1"
| #define STDC_HEADERS 1
| #define HAVE_SYS_TYPES_H 1
| #define HAVE_SYS_STAT_H 1
| #define HAVE_STDLIB_H 1
| #define HAVE_STRING_H 1
| #define HAVE_MEMORY_H 1
| #define HAVE_STRINGS_H 1
| #define HAVE_INTTYPES_H 1
| #define HAVE_STDINT_H 1
| #define HAVE_UNISTD_H 1
| #define HAVE_DLFCN_H 1
| #define LT_OBJDIR ".libs/"
| #define restrict __restrict
| #define HAVE_MACRO_VA_ARGS 1
| #define HAVE_STDIO_H 1
| #define HAVE_STDLIB_H 1
| #define HAVE_STRING_H 1
| #define HAVE_STDARG_H 1
| #define HAVE_CTYPE_H 1
| #define HAVE_INTTYPES_H 1
| #define HAVE_STDINT_H 1
| /* end confdefs.h.  */
| #include <memcheck.h>
configure:12447: result: no
configure:12447: checking for memcheck.h
configure:12447: result: no
configure:12447: checking valgrind/valgrind.h usability
configure:12447: gcc -c   -g  conftest.c >&5
configure:12447: $? = 0
configure:12447: result: yes
configure:12447: checking valgrind/valgrind.h presence
configure:12447: gcc -E  conftest.c
configure:12447: $? = 0
configure:12447: result: yes
configure:12447: checking for valgrind/valgrind.h
configure:12447: result: yes
configure:12447: checking valgrind/memcheck.h usability
configure:12447: gcc -c   -g  conftest.c >&5
configure:12447: $? = 0
configure:12447: result: yes
configure:12447: checking valgrind/memcheck.h presence
configure:12447: gcc -E  conftest.c
configure:12447: $? = 0
configure:12447: result: yes
configure:12447: checking for valgrind/memcheck.h
configure:12447: result: yes
configure:12463: checking helgrind.h usability
configure:12463: gcc -c   -g  conftest.c >&5
conftest.c:67:22: fatal error: helgrind.h: No such file or directory
 #include <helgrind.h>
                      ^
compilation terminated.
configure:12463: $? = 1
configure: failed program was:
| /* confdefs.h */
| #define PACKAGE_NAME "MPL"
| #define PACKAGE_TARNAME "mpl"
| #define PACKAGE_VERSION "0.1"
| #define PACKAGE_STRING "MPL 0.1"
| #define PACKAGE_BUGREPORT ""
| #define PACKAGE_URL ""
| #define PACKAGE "mpl"
| #define VERSION "0.1"
| #define STDC_HEADERS 1
| #define HAVE_SYS_TYPES_H 1
| #define HAVE_SYS_STAT_H 1
| #define HAVE_STDLIB_H 1
| #define HAVE_STRING_H 1
| #define HAVE_MEMORY_H 1
| #define HAVE_STRINGS_H 1
| #define HAVE_INTTYPES_H 1
| #define HAVE_STDINT_H 1
| #define HAVE_UNISTD_H 1
| #define HAVE_DLFCN_H 1
| #define LT_OBJDIR ".libs/"
| #define restrict __restrict
| #define HAVE_MACRO_VA_ARGS 1
| #define HAVE_STDIO_H 1
| #define HAVE_STDLIB_H 1
| #define HAVE_STRING_H 1
| #define HAVE_STDARG_H 1
| #define HAVE_CTYPE_H 1
| #define HAVE_INTTYPES_H 1
| #define HAVE_STDINT_H 1
| #define HAVE_VALGRIND_VALGRIND_H 1
| #define HAVE_VALGRIND_MEMCHECK_H 1
| /* end confdefs.h.  */
| #include <stdio.h>
| #ifdef HAVE_SYS_TYPES_H
| # include <sys/types.h>
| #endif
| #ifdef HAVE_SYS_STAT_H
| # include <sys/stat.h>
| #endif
| #ifdef STDC_HEADERS
| # include <stdlib.h>
| # include <stddef.h>
| #else
| # ifdef HAVE_STDLIB_H
| #  include <stdlib.h>
| # endif
| #endif
| #ifdef HAVE_STRING_H
| # if !defined STDC_HEADERS && defined HAVE_MEMORY_H
| #  include <memory.h>
| # endif
| # include <string.h>
| #endif
| #ifdef HAVE_STRINGS_H
| # include <strings.h>
| #endif
| #ifdef HAVE_INTTYPES_H
| # include <inttypes.h>
| #endif
| #ifdef HAVE_STDINT_H
| # include <stdint.h>
| #endif
| #ifdef HAVE_UNISTD_H
| # include <unistd.h>
| #endif
| #include <helgrind.h>
configure:12463: result: no
configure:12463: checking helgrind.h presence
configure:12463: gcc -E  conftest.c
conftest.c:34:22: fatal error: helgrind.h: No such file or directory
 #include <helgrind.h>
                      ^
compilation terminated.
configure:12463: $? = 1
configure: failed program was:
| /* confdefs.h */
| #define PACKAGE_NAME "MPL"
| #define PACKAGE_TARNAME "mpl"
| #define PACKAGE_VERSION "0.1"
| #define PACKAGE_STRING "MPL 0.1"
| #define PACKAGE_BUGREPORT ""
| #define PACKAGE_URL ""
| #define PACKAGE "mpl"
| #define VERSION "0.1"
| #define STDC_HEADERS 1
| #define HAVE_SYS_TYPES_H 1
| #define HAVE_SYS_STAT_H 1
| #define HAVE_STDLIB_H 1
| #define HAVE_STRING_H 1
| #define HAVE_MEMORY_H 1
| #define HAVE_STRINGS_H 1
| #define HAVE_INTTYPES_H 1
| #define HAVE_STDINT_H 1
| #define HAVE_UNISTD_H 1
| #define HAVE_DLFCN_H 1
| #define LT_OBJDIR ".libs/"
| #define restrict __restrict
| #define HAVE_MACRO_VA_ARGS 1
| #define HAVE_STDIO_H 1
| #define HAVE_STDLIB_H 1
| #define HAVE_STRING_H 1
| #define HAVE_STDARG_H 1
| #define HAVE_CTYPE_H 1
| #define HAVE_INTTYPES_H 1
| #define HAVE_STDINT_H 1
| #define HAVE_VALGRIND_VALGRIND_H 1
| #define HAVE_VALGRIND_MEMCHECK_H 1
| /* end confdefs.h.  */
| #include <helgrind.h>
configure:12463: result: no
configure:12463: checking for helgrind.h
configure:12463: result: no
configure:12463: checking valgrind/helgrind.h usability
configure:12463: gcc -c   -g  conftest.c >&5
configure:12463: $? = 0
configure:12463: result: yes
configure:12463: checking valgrind/helgrind.h presence
configure:12463: gcc -E  conftest.c
configure:12463: $? = 0
configure:12463: result: yes
configure:12463: checking for valgrind/helgrind.h
configure:12463: result: yes
configure:12476: checking drd.h usability
configure:12476: gcc -c   -g  conftest.c >&5
conftest.c:68:17: fatal error: drd.h: No such file or directory
 #include <drd.h>
                 ^
compilation terminated.
configure:12476: $? = 1
configure: failed program was:
| /* confdefs.h */
| #define PACKAGE_NAME "MPL"
| #define PACKAGE_TARNAME "mpl"
| #define PACKAGE_VERSION "0.1"
| #define PACKAGE_STRING "MPL 0.1"
| #define PACKAGE_BUGREPORT ""
| #define PACKAGE_URL ""
| #define PACKAGE "mpl"
| #define VERSION "0.1"
| #define STDC_HEADERS 1
| #define HAVE_SYS_TYPES_H 1
| #define HAVE_SYS_STAT_H 1
| #define HAVE_STDLIB_H 1
| #define HAVE_STRING_H 1
| #define HAVE_MEMORY_H 1
| #define HAVE_STRINGS_H 1
| #define HAVE_INTTYPES_H 1
| #define HAVE_STDINT_H 1
| #define HAVE_UNISTD_H 1
| #define HAVE_DLFCN_H 1
| #define LT_OBJDIR ".libs/"
| #define restrict __restrict
| #define HAVE_MACRO_VA_ARGS 1
| #define HAVE_STDIO_H 1
| #define HAVE_STDLIB_H 1
| #define HAVE_STRING_H 1
| #define HAVE_STDARG_H 1
| #define HAVE_CTYPE_H 1
| #define HAVE_INTTYPES_H 1
| #define HAVE_STDINT_H 1
| #define HAVE_VALGRIND_VALGRIND_H 1
| #define HAVE_VALGRIND_MEMCHECK_H 1
| #define HAVE_VALGRIND_HELGRIND_H 1
| /* end confdefs.h.  */
| #include <stdio.h>
| #ifdef HAVE_SYS_TYPES_H
| # include <sys/types.h>
| #endif
| #ifdef HAVE_SYS_STAT_H
| # include <sys/stat.h>
| #endif
| #ifdef STDC_HEADERS
| # include <stdlib.h>
| # include <stddef.h>
| #else
| # ifdef HAVE_STDLIB_H
| #  include <stdlib.h>
| # endif
| #endif
| #ifdef HAVE_STRING_H
| # if !defined STDC_HEADERS && defined HAVE_MEMORY_H
| #  include <memory.h>
| # endif
| # include <string.h>
| #endif
| #ifdef HAVE_STRINGS_H
| # include <strings.h>
| #endif
| #ifdef HAVE_INTTYPES_H
| # include <inttypes.h>
| #endif
| #ifdef HAVE_STDINT_H
| # include <stdint.h>
| #endif
| #ifdef HAVE_UNISTD_H
| # include <unistd.h>
| #endif
| #include <drd.h>
configure:12476: result: no
configure:12476: checking drd.h presence
configure:12476: gcc -E  conftest.c
conftest.c:35:17: fatal error: drd.h: No such file or directory
 #include <drd.h>
                 ^
compilation terminated.
configure:12476: $? = 1
configure: failed program was:
| /* confdefs.h */
| #define PACKAGE_NAME "MPL"
| #define PACKAGE_TARNAME "mpl"
| #define PACKAGE_VERSION "0.1"
| #define PACKAGE_STRING "MPL 0.1"
| #define PACKAGE_BUGREPORT ""
| #define PACKAGE_URL ""
| #define PACKAGE "mpl"
| #define VERSION "0.1"
| #define STDC_HEADERS 1
| #define HAVE_SYS_TYPES_H 1
| #define HAVE_SYS_STAT_H 1
| #define HAVE_STDLIB_H 1
| #define HAVE_STRING_H 1
| #define HAVE_MEMORY_H 1
| #define HAVE_STRINGS_H 1
| #define HAVE_INTTYPES_H 1
| #define HAVE_STDINT_H 1
| #define HAVE_UNISTD_H 1
| #define HAVE_DLFCN_H 1
| #define LT_OBJDIR ".libs/"
| #define restrict __restrict
| #define HAVE_MACRO_VA_ARGS 1
| #define HAVE_STDIO_H 1
| #define HAVE_STDLIB_H 1
| #define HAVE_STRING_H 1
| #define HAVE_STDARG_H 1
| #define HAVE_CTYPE_H 1
| #define HAVE_INTTYPES_H 1
| #define HAVE_STDINT_H 1
| #define HAVE_VALGRIND_VALGRIND_H 1
| #define HAVE_VALGRIND_MEMCHECK_H 1
| #define HAVE_VALGRIND_HELGRIND_H 1
| /* end confdefs.h.  */
| #include <drd.h>
configure:12476: result: no
configure:12476: checking for drd.h
configure:12476: result: no
configure:12476: checking valgrind/drd.h usability
configure:12476: gcc -c   -g  conftest.c >&5
configure:12476: $? = 0
configure:12476: result: yes
configure:12476: checking valgrind/drd.h presence
configure:12476: gcc -E  conftest.c
configure:12476: $? = 0
configure:12476: result: yes
configure:12476: checking for valgrind/drd.h
configure:12476: result: yes
configure:12491: checking whether the valgrind headers are broken or too old
configure:12543: gcc -o conftest   -g   conftest.c  >&5
configure:12543: $? = 0
configure:12551: result: no
configure:12566: checking for strdup
configure:12566: gcc -o conftest   -g   conftest.c  >&5
conftest.c:59:6: warning: conflicting types for built-in function 'strdup' [enabled by default]
 char strdup ();
      ^
configure:12566: $? = 0
configure:12566: result: yes
configure:12577: checking whether strdup needs a declaration
configure:12595: gcc -c   -g  conftest.c >&5
conftest.c:38:5: error: conflicting types for 'strdup'
 int strdup(double, int, double, const char *);
     ^
configure:12595: $? = 1
configure: failed program was:
| /* confdefs.h */
| #define PACKAGE_NAME "MPL"
| #define PACKAGE_TARNAME "mpl"
| #define PACKAGE_VERSION "0.1"
| #define PACKAGE_STRING "MPL 0.1"
| #define PACKAGE_BUGREPORT ""
| #define PACKAGE_URL ""
| #define PACKAGE "mpl"
| #define VERSION "0.1"
| #define STDC_HEADERS 1
| #define HAVE_SYS_TYPES_H 1
| #define HAVE_SYS_STAT_H 1
| #define HAVE_STDLIB_H 1
| #define HAVE_STRING_H 1
| #define HAVE_MEMORY_H 1
| #define HAVE_STRINGS_H 1
| #define HAVE_INTTYPES_H 1
| #define HAVE_STDINT_H 1
| #define HAVE_UNISTD_H 1
| #define HAVE_DLFCN_H 1
| #define LT_OBJDIR ".libs/"
| #define restrict __restrict
| #define HAVE_MACRO_VA_ARGS 1
| #define HAVE_STDIO_H 1
| #define HAVE_STDLIB_H 1
| #define HAVE_STRING_H 1
| #define HAVE_STDARG_H 1
| #define HAVE_CTYPE_H 1
| #define HAVE_INTTYPES_H 1
| #define HAVE_STDINT_H 1
| #define HAVE_VALGRIND_VALGRIND_H 1
| #define HAVE_VALGRIND_MEMCHECK_H 1
| #define HAVE_VALGRIND_HELGRIND_H 1
| #define HAVE_VALGRIND_DRD_H 1
| #define HAVE_STRDUP 1
| /* end confdefs.h.  */
| #include <string.h>
| int strdup(double, int, double, const char *);
| int
| main ()
| {
| int a=strdup(1.0,27,1.0,"foo");
|   ;
|   return 0;
| }
configure:12602: result: no
configure:12618: checking for snprintf
configure:12618: gcc -o conftest   -g   conftest.c  >&5
conftest.c:60:6: warning: conflicting types for built-in function 'snprintf' [enabled by default]
 char snprintf ();
      ^
configure:12618: $? = 0
configure:12618: result: yes
configure:12629: checking whether snprintf needs a declaration
configure:12647: gcc -c   -g  conftest.c >&5
conftest.c:39:5: error: conflicting types for 'snprintf'
 int snprintf(double, int, double, const char *);
     ^
configure:12647: $? = 1
configure: failed program was:
| /* confdefs.h */
| #define PACKAGE_NAME "MPL"
| #define PACKAGE_TARNAME "mpl"
| #define PACKAGE_VERSION "0.1"
| #define PACKAGE_STRING "MPL 0.1"
| #define PACKAGE_BUGREPORT ""
| #define PACKAGE_URL ""
| #define PACKAGE "mpl"
| #define VERSION "0.1"
| #define STDC_HEADERS 1
| #define HAVE_SYS_TYPES_H 1
| #define HAVE_SYS_STAT_H 1
| #define HAVE_STDLIB_H 1
| #define HAVE_STRING_H 1
| #define HAVE_MEMORY_H 1
| #define HAVE_STRINGS_H 1
| #define HAVE_INTTYPES_H 1
| #define HAVE_STDINT_H 1
| #define HAVE_UNISTD_H 1
| #define HAVE_DLFCN_H 1
| #define LT_OBJDIR ".libs/"
| #define restrict __restrict
| #define HAVE_MACRO_VA_ARGS 1
| #define HAVE_STDIO_H 1
| #define HAVE_STDLIB_H 1
| #define HAVE_STRING_H 1
| #define HAVE_STDARG_H 1
| #define HAVE_CTYPE_H 1
| #define HAVE_INTTYPES_H 1
| #define HAVE_STDINT_H 1
| #define HAVE_VALGRIND_VALGRIND_H 1
| #define HAVE_VALGRIND_MEMCHECK_H 1
| #define HAVE_VALGRIND_HELGRIND_H 1
| #define HAVE_VALGRIND_DRD_H 1
| #define HAVE_STRDUP 1
| #define HAVE_SNPRINTF 1
| /* end confdefs.h.  */
| #include <stdio.h>
| int snprintf(double, int, double, const char *);
| int
| main ()
| {
| int a=snprintf(1.0,27,1.0,"foo");
|   ;
|   return 0;
| }
configure:12654: result: no
configure:12670: checking for strncmp
configure:12670: gcc -o conftest   -g   conftest.c  >&5
conftest.c:61:6: warning: conflicting types for built-in function 'strncmp' [enabled by default]
 char strncmp ();
      ^
configure:12670: $? = 0
configure:12670: result: yes
configure:12681: checking whether strncmp needs a declaration
configure:12699: gcc -c   -g  conftest.c >&5
conftest.c:40:5: error: conflicting types for 'strncmp'
 int strncmp(double, int, double, const char *);
     ^
configure:12699: $? = 1
configure: failed program was:
| /* confdefs.h */
| #define PACKAGE_NAME "MPL"
| #define PACKAGE_TARNAME "mpl"
| #define PACKAGE_VERSION "0.1"
| #define PACKAGE_STRING "MPL 0.1"
| #define PACKAGE_BUGREPORT ""
| #define PACKAGE_URL ""
| #define PACKAGE "mpl"
| #define VERSION "0.1"
| #define STDC_HEADERS 1
| #define HAVE_SYS_TYPES_H 1
| #define HAVE_SYS_STAT_H 1
| #define HAVE_STDLIB_H 1
| #define HAVE_STRING_H 1
| #define HAVE_MEMORY_H 1
| #define HAVE_STRINGS_H 1
| #define HAVE_INTTYPES_H 1
| #define HAVE_STDINT_H 1
| #define HAVE_UNISTD_H 1
| #define HAVE_DLFCN_H 1
| #define LT_OBJDIR ".libs/"
| #define restrict __restrict
| #define HAVE_MACRO_VA_ARGS 1
| #define HAVE_STDIO_H 1
| #define HAVE_STDLIB_H 1
| #define HAVE_STRING_H 1
| #define HAVE_STDARG_H 1
| #define HAVE_CTYPE_H 1
| #define HAVE_INTTYPES_H 1
| #define HAVE_STDINT_H 1
| #define HAVE_VALGRIND_VALGRIND_H 1
| #define HAVE_VALGRIND_MEMCHECK_H 1
| #define HAVE_VALGRIND_HELGRIND_H 1
| #define HAVE_VALGRIND_DRD_H 1
| #define HAVE_STRDUP 1
| #define HAVE_SNPRINTF 1
| #define HAVE_STRNCMP 1
| /* end confdefs.h.  */
| #include <string.h>
| int strncmp(double, int, double, const char *);
| int
| main ()
| {
| int a=strncmp(1.0,27,1.0,"foo");
|   ;
|   return 0;
| }
configure:12706: result: no
configure:12722: checking for putenv
configure:12722: gcc -o conftest   -g   conftest.c  >&5
configure:12722: $? = 0
configure:12722: result: yes
configure:12733: checking whether putenv needs a declaration
configure:12751: gcc -c   -g  conftest.c >&5
conftest.c:41:5: error: conflicting types for 'putenv'
 int putenv(double, int, double, const char *);
     ^
In file included from conftest.c:40:0:
/usr/include/stdlib.h:578:12: note: previous declaration of 'putenv' was here
 extern int putenv (char *__string) __THROW __nonnull ((1));
            ^
configure:12751: $? = 1
configure: failed program was:
| /* confdefs.h */
| #define PACKAGE_NAME "MPL"
| #define PACKAGE_TARNAME "mpl"
| #define PACKAGE_VERSION "0.1"
| #define PACKAGE_STRING "MPL 0.1"
| #define PACKAGE_BUGREPORT ""
| #define PACKAGE_URL ""
| #define PACKAGE "mpl"
| #define VERSION "0.1"
| #define STDC_HEADERS 1
| #define HAVE_SYS_TYPES_H 1
| #define HAVE_SYS_STAT_H 1
| #define HAVE_STDLIB_H 1
| #define HAVE_STRING_H 1
| #define HAVE_MEMORY_H 1
| #define HAVE_STRINGS_H 1
| #define HAVE_INTTYPES_H 1
| #define HAVE_STDINT_H 1
| #define HAVE_UNISTD_H 1
| #define HAVE_DLFCN_H 1
| #define LT_OBJDIR ".libs/"
| #define restrict __restrict
| #define HAVE_MACRO_VA_ARGS 1
| #define HAVE_STDIO_H 1
| #define HAVE_STDLIB_H 1
| #define HAVE_STRING_H 1
| #define HAVE_STDARG_H 1
| #define HAVE_CTYPE_H 1
| #define HAVE_INTTYPES_H 1
| #define HAVE_STDINT_H 1
| #define HAVE_VALGRIND_VALGRIND_H 1
| #define HAVE_VALGRIND_MEMCHECK_H 1
| #define HAVE_VALGRIND_HELGRIND_H 1
| #define HAVE_VALGRIND_DRD_H 1
| #define HAVE_STRDUP 1
| #define HAVE_SNPRINTF 1
| #define HAVE_STRNCMP 1
| #define HAVE_PUTENV 1
| /* end confdefs.h.  */
| #include <stdlib.h>
| int putenv(double, int, double, const char *);
| int
| main ()
| {
| int a=putenv(1.0,27,1.0,"foo");
|   ;
|   return 0;
| }
configure:12758: result: no
configure:12775: checking whether __attribute__ allowed
configure:12792: gcc -c   -g  conftest.c >&5
configure:12792: $? = 0
configure:12799: result: yes
configure:12801: checking whether __attribute__((format)) allowed
configure:12818: gcc -c   -g  conftest.c >&5
configure:12818: $? = 0
configure:12825: result: yes
configure:12946: checking that generated files are newer than configure
configure:12952: result: done
configure:12979: creating ./config.status

## ---------------- ##
## Cache variables. ##
## ---------------- ##

ac_cv_build=x86_64-unknown-linux-gnu
ac_cv_c_compiler_gnu=yes
ac_cv_c_const=yes
ac_cv_c_restrict=__restrict
ac_cv_env_CC_set=
ac_cv_env_CC_value=
ac_cv_env_CFLAGS_set=set
ac_cv_env_CFLAGS_value='  -g'
ac_cv_env_CPPFLAGS_set=
ac_cv_env_CPPFLAGS_value=
ac_cv_env_CPP_set=
ac_cv_env_CPP_value=
ac_cv_env_LDFLAGS_set=
ac_cv_env_LDFLAGS_value=
ac_cv_env_LIBS_set=
ac_cv_env_LIBS_value=
ac_cv_env_build_alias_set=
ac_cv_env_build_alias_value=
ac_cv_env_host_alias_set=
ac_cv_env_host_alias_value=
ac_cv_env_target_alias_set=
ac_cv_env_target_alias_value=
ac_cv_func_putenv=yes
ac_cv_func_snprintf=yes
ac_cv_func_strdup=yes
ac_cv_func_strncmp=yes
ac_cv_header_ctype_h=yes
ac_cv_header_dlfcn_h=yes
ac_cv_header_drd_h=no
ac_cv_header_helgrind_h=no
ac_cv_header_inttypes_h=yes
ac_cv_header_memcheck_h=no
ac_cv_header_memory_h=yes
ac_cv_header_stdarg_h=yes
ac_cv_header_stdc=yes
ac_cv_header_stdint_h=yes
ac_cv_header_stdio_h=yes
ac_cv_header_stdlib_h=yes
ac_cv_header_string_h=yes
ac_cv_header_strings_h=yes
ac_cv_header_sys_stat_h=yes
ac_cv_header_sys_types_h=yes
ac_cv_header_unistd_h=yes
ac_cv_header_valgrind_drd_h=yes
ac_cv_header_valgrind_h=no
ac_cv_header_valgrind_helgrind_h=yes
ac_cv_header_valgrind_memcheck_h=yes
ac_cv_header_valgrind_valgrind_h=yes
ac_cv_host=x86_64-unknown-linux-gnu
ac_cv_objext=o
ac_cv_path_EGREP='/bin/grep -E'
ac_cv_path_FGREP='/bin/grep -F'
ac_cv_path_GREP=/bin/grep
ac_cv_path_SED=/bin/sed
ac_cv_path_install='/usr/bin/install -c'
ac_cv_path_mkdir=/bin/mkdir
ac_cv_prog_AWK=gawk
ac_cv_prog_CPP='gcc -E'
ac_cv_prog_ac_ct_AR=ar
ac_cv_prog_ac_ct_CC=gcc
ac_cv_prog_ac_ct_MANIFEST_TOOL=mt
ac_cv_prog_ac_ct_OBJDUMP=objdump
ac_cv_prog_ac_ct_RANLIB=ranlib
ac_cv_prog_ac_ct_STRIP=strip
ac_cv_prog_cc_c89=
ac_cv_prog_cc_g=yes
ac_cv_prog_make_make_set=yes
am_cv_CC_dependencies_compiler_type=gcc3
am_cv_ar_interface=ar
am_cv_make_support_nested_variables=yes
am_cv_prog_cc_c_o=yes
lt_cv_ar_at_file=@
lt_cv_deplibs_check_method=pass_all
lt_cv_file_magic_cmd='$MAGIC_CMD'
lt_cv_file_magic_test_file=
lt_cv_ld_reload_flag=-r
lt_cv_nm_interface='BSD nm'
lt_cv_objdir=.libs
lt_cv_path_LD=/usr/bin/ld
lt_cv_path_NM='/usr/bin/nm -B'
lt_cv_path_mainfest_tool=no
lt_cv_prog_compiler_c_o=yes
lt_cv_prog_compiler_pic='-fPIC -DPIC'
lt_cv_prog_compiler_pic_works=yes
lt_cv_prog_compiler_rtti_exceptions=no
lt_cv_prog_compiler_static_works=yes
lt_cv_prog_gnu_ld=yes
lt_cv_sharedlib_from_linklib_cmd='printf %s\n'
lt_cv_shlibpath_overrides_runpath=no
lt_cv_sys_global_symbol_pipe='sed -n -e '\''s/^.*[	 ]\([ABCDGIRSTW][ABCDGIRSTW]*\)[	 ][	 ]*\([_A-Za-z][_A-Za-z0-9]*\)$/\1 \2 \2/p'\'' | sed '\''/ __gnu_lto/d'\'''
lt_cv_sys_global_symbol_to_c_name_address='sed -n -e '\''s/^: \([^ ]*\)[ ]*$/  {\"\1\", (void *) 0},/p'\'' -e '\''s/^[ABCDGIRSTW]* \([^ ]*\) \([^ ]*\)$/  {"\2", (void *) \&\2},/p'\'''
lt_cv_sys_global_symbol_to_c_name_address_lib_prefix='sed -n -e '\''s/^: \([^ ]*\)[ ]*$/  {\"\1\", (void *) 0},/p'\'' -e '\''s/^[ABCDGIRSTW]* \([^ ]*\) \(lib[^ ]*\)$/  {"\2", (void *) \&\2},/p'\'' -e '\''s/^[ABCDGIRSTW]* \([^ ]*\) \([^ ]*\)$/  {"lib\2", (void *) \&\2},/p'\'''
lt_cv_sys_global_symbol_to_cdecl='sed -n -e '\''s/^T .* \(.*\)$/extern int \1();/p'\'' -e '\''s/^[ABCDGIRSTW]* .* \(.*\)$/extern char \1;/p'\'''
lt_cv_sys_max_cmd_len=3458764513820540925
lt_cv_to_host_file_cmd=func_convert_file_noop
lt_cv_to_tool_file_cmd=func_convert_file_noop
pac_cv_func_decl_putenv=no
pac_cv_func_decl_snprintf=no
pac_cv_func_decl_strdup=no
pac_cv_func_decl_strncmp=no
pac_cv_gnu_attr_format=yes
pac_cv_gnu_attr_pure=yes
pac_cv_have_broken_valgrind=no

## ----------------- ##
## Output variables. ##
## ----------------- ##

ACLOCAL='${SHELL} /home/brian/src/pdht/portals4-read-only/src/runtime/hydra/mpl/confdb/missing aclocal-1.14'
AMDEPBACKSLASH='\'
AMDEP_FALSE='#'
AMDEP_TRUE=''
AMTAR='$${TAR-tar}'
AM_BACKSLASH='\'
AM_DEFAULT_V='$(AM_DEFAULT_VERBOSITY)'
AM_DEFAULT_VERBOSITY='0'
AM_V='$(V)'
AR='ar'
AUTOCONF='${SHELL} /home/brian/src/pdht/portals4-read-only/src/runtime/hydra/mpl/confdb/missing autoconf'
AUTOHEADER='${SHELL} /home/brian/src/pdht/portals4-read-only/src/runtime/hydra/mpl/confdb/missing autoheader'
AUTOMAKE='${SHELL} /home/brian/src/pdht/portals4-read-only/src/runtime/hydra/mpl/confdb/missing automake-1.14'
AWK='gawk'
CC='gcc'
CCDEPMODE='depmode=gcc3'
CFLAGS='  -g'
CPP='gcc -E'
CPPFLAGS=''
CYGPATH_W='echo'
DEFS='-DHAVE_CONFIG_H'
DEPDIR='.deps'
DLLTOOL='false'
DSYMUTIL=''
DUMPBIN=''
ECHO_C=''
ECHO_N='-n'
ECHO_T=''
EGREP='/bin/grep -E'
EXEEXT=''
FGREP='/bin/grep -F'
GREP='/bin/grep'
INSTALL_DATA='${INSTALL} -m 644'
INSTALL_PROGRAM='${INSTALL}'
INSTALL_SCRIPT='${INSTALL}'
INSTALL_STRIP_PROGRAM='$(install_sh) -c -s'
LD='/usr/bin/ld -m elf_x86_64'
LDFLAGS=''
LIBOBJS=''
LIBS=''
LIBTOOL='$(SHELL) $(top_builddir)/libtool'
LIPO=''
LN_S='ln -s'
LTLIBOBJS=''
MAKEINFO='${SHELL} /home/brian/src/pdht/portals4-read-only/src/runtime/hydra/mpl/confdb/missing makeinfo'
MANIFEST_TOOL=':'
MKDIR_P='/bin/mkdir -p'
NM='/usr/bin/nm -B'
NMEDIT=''
OBJDUMP='objdump'
OBJEXT='o'
OTOOL64=''
OTOOL=''
PACKAGE='mpl'
PACKAGE_BUGREPORT=''
PACKAGE_NAME='MPL'
PACKAGE_STRING='MPL 0.1'
PACKAGE_TARNAME='mpl'
PACKAGE_URL=''
PACKAGE_VERSION='0.1'
PATH_SEPARATOR=':'
RANLIB='ranlib'
SED='/bin/sed'
SET_MAKE=''
SHELL='/bin/bash'
STRIP='strip'
VERSION='0.1'
ac_ct_AR='ar'
ac_ct_CC='gcc'
ac_ct_DUMPBIN=''
am__EXEEXT_FALSE=''
am__EXEEXT_TRUE='#'
am__fastdepCC_FALSE='#'
am__fastdepCC_TRUE=''
am__include='include'
am__isrc=''
am__leading_dot='.'
am__nodep='_no'
am__quote=''
am__tar='$${TAR-tar} chof - "$$tardir"'
am__untar='$${TAR-tar} xf -'
bindir='${exec_prefix}/bin'
build='x86_64-unknown-linux-gnu'
build_alias=''
build_cpu='x86_64'
build_os='linux-gnu'
build_vendor='unknown'
datadir='${datarootdir}'
datarootdir='${prefix}/share'
docdir='${datarootdir}/doc/${PACKAGE_TARNAME}'
dvidir='${docdir}'
exec_prefix='${prefix}'
host='x86_64-unknown-linux-gnu'
host_alias=''
host_cpu='x86_64'
host_os='linux-gnu'
host_vendor='unknown'
htmldir='${docdir}'
includedir='${prefix}/include'
infodir='${datarootdir}/info'
install_sh='${SHELL} /home/brian/src/pdht/portals4-read-only/src/runtime/hydra/mpl/confdb/install-sh'
libdir='${exec_prefix}/lib'
libexecdir='${exec_prefix}/libexec'
libmpl_so_version='2:0:1'
localedir='${datarootdir}/locale'
localstatedir='${prefix}/var'
mandir='${datarootdir}/man'
mkdir_p='$(MKDIR_P)'
oldincludedir='/usr/include'
pdfdir='${docdir}'
prefix='/opt/hpctools'
program_transform_name='s,x,x,'
psdir='${docdir}'
sbindir='${exec_prefix}/sbin'
sharedstatedir='${prefix}/com'
sysconfdir='${prefix}/etc'
target_alias=''

## ----------- ##
## confdefs.h. ##
## ----------- ##

/* confdefs.h */
#define PACKAGE_NAME "MPL"
#define PACKAGE_TARNAME "mpl"
#define PACKAGE_VERSION "0.1"
#define PACKAGE_STRING "MPL 0.1"
#define PACKAGE_BUGREPORT ""
#define PACKAGE_URL ""
#define PACKAGE "mpl"
#define VERSION "0.1"
#define STDC_HEADERS 1
#define HAVE_SYS_TYPES_H 1
#define HAVE_SYS_STAT_H 1
#define HAVE_STDLIB_H 1
#define HAVE_STRING_H 1
#define HAVE_MEMORY_H 1
#define HAVE_STRINGS_H 1
#define HAVE_INTTYPES_H 1
#define HAVE_STDINT_H 1
#define HAVE_UNISTD_H 1
#define HAVE_DLFCN_H 1
#define LT_OBJDIR ".libs/"
#define restrict __restrict
#define HAVE_MACRO_VA_ARGS 1
#define HAVE_STDIO_H 1
#define HAVE_STDLIB_H 1
#define HAVE_STRING_H 1
#define HAVE_STDARG_H 1
#define HAVE_CTYPE_H 1
#define HAVE_INTTYPES_H 1
#define HAVE_STDINT_H 1
#define HAVE_VALGRIND_VALGRIND_H 1
#define HAVE_VALGRIND_MEMCHECK_H 1
#define HAVE_VALGRIND_HELGRIND_H 1
#define HAVE_VALGRIND_DRD_H 1
#define HAVE_STRDUP 1
#define HAVE_SNPRINTF 1
#define HAVE_STRNCMP 1
#define HAVE_PUTENV 1
#define HAVE_GCC_ATTRIBUTE 1

configure: exit 0

## ---------------------- ##
## Running config.status. ##
## ---------------------- ##

This file was extended by MPL config.status 0.1, which was
generated by GNU Autoconf 2.69.  Invocation command line was

  CONFIG_FILES    = 
  CONFIG_HEADERS  = 
  CONFIG_LINKS    = 
  CONFIG_COMMANDS = 
  $ ./config.status 

on senna

config.status:1102: creating Makefile
config.status:1102: creating localdefs
config.status:1102: creating include/config.h
config.status:1283: include/config.h is unchanged
config.status:1331: executing depfiles commands
config.status:1331: executing libtool commands
config.status:1331: executing include/mplconfig.h commands
config.status:2092: creating include/mplconfig.h - prefix MPL for include/config.h defines
config.status:2114: include/mplconfig.h is unchanged
